{
  "/home/adithya/finalProject/client/src/components/ValidationFactory.js": {
    "path": "/home/adithya/finalProject/client/src/components/ValidationFactory.js",
    "statementMap": {
      "0": {
        "start": {
          "line": 5,
          "column": 4
        },
        "end": {
          "line": 11,
          "column": 5
        }
      },
      "1": {
        "start": {
          "line": 6,
          "column": 6
        },
        "end": {
          "line": 6,
          "column": 45
        }
      },
      "2": {
        "start": {
          "line": 7,
          "column": 11
        },
        "end": {
          "line": 11,
          "column": 5
        }
      },
      "3": {
        "start": {
          "line": 8,
          "column": 6
        },
        "end": {
          "line": 8,
          "column": 43
        }
      },
      "4": {
        "start": {
          "line": 10,
          "column": 6
        },
        "end": {
          "line": 10,
          "column": 49
        }
      },
      "5": {
        "start": {
          "line": 21,
          "column": 4
        },
        "end": {
          "line": 21,
          "column": 23
        }
      },
      "6": {
        "start": {
          "line": 22,
          "column": 4
        },
        "end": {
          "line": 22,
          "column": 21
        }
      },
      "7": {
        "start": {
          "line": 23,
          "column": 4
        },
        "end": {
          "line": 23,
          "column": 21
        }
      },
      "8": {
        "start": {
          "line": 27,
          "column": 4
        },
        "end": {
          "line": 29,
          "column": 5
        }
      },
      "9": {
        "start": {
          "line": 28,
          "column": 6
        },
        "end": {
          "line": 28,
          "column": 37
        }
      },
      "10": {
        "start": {
          "line": 30,
          "column": 4
        },
        "end": {
          "line": 32,
          "column": 5
        }
      },
      "11": {
        "start": {
          "line": 31,
          "column": 6
        },
        "end": {
          "line": 31,
          "column": 56
        }
      },
      "12": {
        "start": {
          "line": 33,
          "column": 4
        },
        "end": {
          "line": 35,
          "column": 5
        }
      },
      "13": {
        "start": {
          "line": 34,
          "column": 6
        },
        "end": {
          "line": 34,
          "column": 45
        }
      },
      "14": {
        "start": {
          "line": 36,
          "column": 4
        },
        "end": {
          "line": 38,
          "column": 5
        }
      },
      "15": {
        "start": {
          "line": 37,
          "column": 6
        },
        "end": {
          "line": 37,
          "column": 44
        }
      },
      "16": {
        "start": {
          "line": 39,
          "column": 4
        },
        "end": {
          "line": 43,
          "column": 5
        }
      },
      "17": {
        "start": {
          "line": 40,
          "column": 6
        },
        "end": {
          "line": 42,
          "column": 7
        }
      },
      "18": {
        "start": {
          "line": 41,
          "column": 8
        },
        "end": {
          "line": 41,
          "column": 55
        }
      },
      "19": {
        "start": {
          "line": 44,
          "column": 4
        },
        "end": {
          "line": 46,
          "column": 5
        }
      },
      "20": {
        "start": {
          "line": 45,
          "column": 6
        },
        "end": {
          "line": 45,
          "column": 33
        }
      },
      "21": {
        "start": {
          "line": 47,
          "column": 4
        },
        "end": {
          "line": 47,
          "column": 14
        }
      },
      "22": {
        "start": {
          "line": 57,
          "column": 4
        },
        "end": {
          "line": 57,
          "column": 33
        }
      },
      "23": {
        "start": {
          "line": 58,
          "column": 4
        },
        "end": {
          "line": 58,
          "column": 29
        }
      },
      "24": {
        "start": {
          "line": 62,
          "column": 4
        },
        "end": {
          "line": 64,
          "column": 5
        }
      },
      "25": {
        "start": {
          "line": 63,
          "column": 6
        },
        "end": {
          "line": 63,
          "column": 40
        }
      },
      "26": {
        "start": {
          "line": 65,
          "column": 4
        },
        "end": {
          "line": 67,
          "column": 5
        }
      },
      "27": {
        "start": {
          "line": 66,
          "column": 6
        },
        "end": {
          "line": 66,
          "column": 43
        }
      },
      "28": {
        "start": {
          "line": 68,
          "column": 4
        },
        "end": {
          "line": 70,
          "column": 5
        }
      },
      "29": {
        "start": {
          "line": 69,
          "column": 6
        },
        "end": {
          "line": 69,
          "column": 33
        }
      },
      "30": {
        "start": {
          "line": 71,
          "column": 4
        },
        "end": {
          "line": 71,
          "column": 14
        }
      }
    },
    "fnMap": {
      "0": {
        "name": "(anonymous_0)",
        "decl": {
          "start": {
            "line": 4,
            "column": 2
          },
          "end": {
            "line": 4,
            "column": 3
          }
        },
        "loc": {
          "start": {
            "line": 4,
            "column": 34
          },
          "end": {
            "line": 12,
            "column": 3
          }
        },
        "line": 4
      },
      "1": {
        "name": "(anonymous_1)",
        "decl": {
          "start": {
            "line": 20,
            "column": 2
          },
          "end": {
            "line": 20,
            "column": 3
          }
        },
        "loc": {
          "start": {
            "line": 20,
            "column": 33
          },
          "end": {
            "line": 24,
            "column": 3
          }
        },
        "line": 20
      },
      "2": {
        "name": "(anonymous_2)",
        "decl": {
          "start": {
            "line": 26,
            "column": 2
          },
          "end": {
            "line": 26,
            "column": 3
          }
        },
        "loc": {
          "start": {
            "line": 26,
            "column": 13
          },
          "end": {
            "line": 48,
            "column": 3
          }
        },
        "line": 26
      },
      "3": {
        "name": "(anonymous_3)",
        "decl": {
          "start": {
            "line": 56,
            "column": 2
          },
          "end": {
            "line": 56,
            "column": 3
          }
        },
        "loc": {
          "start": {
            "line": 56,
            "column": 36
          },
          "end": {
            "line": 59,
            "column": 3
          }
        },
        "line": 56
      },
      "4": {
        "name": "(anonymous_4)",
        "decl": {
          "start": {
            "line": 61,
            "column": 2
          },
          "end": {
            "line": 61,
            "column": 3
          }
        },
        "loc": {
          "start": {
            "line": 61,
            "column": 13
          },
          "end": {
            "line": 72,
            "column": 3
          }
        },
        "line": 61
      }
    },
    "branchMap": {
      "0": {
        "loc": {
          "start": {
            "line": 5,
            "column": 4
          },
          "end": {
            "line": 11,
            "column": 5
          }
        },
        "type": "if",
        "locations": [
          {
            "start": {
              "line": 5,
              "column": 4
            },
            "end": {
              "line": 11,
              "column": 5
            }
          },
          {
            "start": {
              "line": 5,
              "column": 4
            },
            "end": {
              "line": 11,
              "column": 5
            }
          }
        ],
        "line": 5
      },
      "1": {
        "loc": {
          "start": {
            "line": 7,
            "column": 11
          },
          "end": {
            "line": 11,
            "column": 5
          }
        },
        "type": "if",
        "locations": [
          {
            "start": {
              "line": 7,
              "column": 11
            },
            "end": {
              "line": 11,
              "column": 5
            }
          },
          {
            "start": {
              "line": 7,
              "column": 11
            },
            "end": {
              "line": 11,
              "column": 5
            }
          }
        ],
        "line": 7
      },
      "2": {
        "loc": {
          "start": {
            "line": 27,
            "column": 4
          },
          "end": {
            "line": 29,
            "column": 5
          }
        },
        "type": "if",
        "locations": [
          {
            "start": {
              "line": 27,
              "column": 4
            },
            "end": {
              "line": 29,
              "column": 5
            }
          },
          {
            "start": {
              "line": 27,
              "column": 4
            },
            "end": {
              "line": 29,
              "column": 5
            }
          }
        ],
        "line": 27
      },
      "3": {
        "loc": {
          "start": {
            "line": 30,
            "column": 4
          },
          "end": {
            "line": 32,
            "column": 5
          }
        },
        "type": "if",
        "locations": [
          {
            "start": {
              "line": 30,
              "column": 4
            },
            "end": {
              "line": 32,
              "column": 5
            }
          },
          {
            "start": {
              "line": 30,
              "column": 4
            },
            "end": {
              "line": 32,
              "column": 5
            }
          }
        ],
        "line": 30
      },
      "4": {
        "loc": {
          "start": {
            "line": 33,
            "column": 4
          },
          "end": {
            "line": 35,
            "column": 5
          }
        },
        "type": "if",
        "locations": [
          {
            "start": {
              "line": 33,
              "column": 4
            },
            "end": {
              "line": 35,
              "column": 5
            }
          },
          {
            "start": {
              "line": 33,
              "column": 4
            },
            "end": {
              "line": 35,
              "column": 5
            }
          }
        ],
        "line": 33
      },
      "5": {
        "loc": {
          "start": {
            "line": 36,
            "column": 4
          },
          "end": {
            "line": 38,
            "column": 5
          }
        },
        "type": "if",
        "locations": [
          {
            "start": {
              "line": 36,
              "column": 4
            },
            "end": {
              "line": 38,
              "column": 5
            }
          },
          {
            "start": {
              "line": 36,
              "column": 4
            },
            "end": {
              "line": 38,
              "column": 5
            }
          }
        ],
        "line": 36
      },
      "6": {
        "loc": {
          "start": {
            "line": 40,
            "column": 6
          },
          "end": {
            "line": 42,
            "column": 7
          }
        },
        "type": "if",
        "locations": [
          {
            "start": {
              "line": 40,
              "column": 6
            },
            "end": {
              "line": 42,
              "column": 7
            }
          },
          {
            "start": {
              "line": 40,
              "column": 6
            },
            "end": {
              "line": 42,
              "column": 7
            }
          }
        ],
        "line": 40
      },
      "7": {
        "loc": {
          "start": {
            "line": 44,
            "column": 4
          },
          "end": {
            "line": 46,
            "column": 5
          }
        },
        "type": "if",
        "locations": [
          {
            "start": {
              "line": 44,
              "column": 4
            },
            "end": {
              "line": 46,
              "column": 5
            }
          },
          {
            "start": {
              "line": 44,
              "column": 4
            },
            "end": {
              "line": 46,
              "column": 5
            }
          }
        ],
        "line": 44
      },
      "8": {
        "loc": {
          "start": {
            "line": 44,
            "column": 8
          },
          "end": {
            "line": 44,
            "column": 69
          }
        },
        "type": "binary-expr",
        "locations": [
          {
            "start": {
              "line": 44,
              "column": 8
            },
            "end": {
              "line": 44,
              "column": 39
            }
          },
          {
            "start": {
              "line": 44,
              "column": 43
            },
            "end": {
              "line": 44,
              "column": 69
            }
          }
        ],
        "line": 44
      },
      "9": {
        "loc": {
          "start": {
            "line": 62,
            "column": 4
          },
          "end": {
            "line": 64,
            "column": 5
          }
        },
        "type": "if",
        "locations": [
          {
            "start": {
              "line": 62,
              "column": 4
            },
            "end": {
              "line": 64,
              "column": 5
            }
          },
          {
            "start": {
              "line": 62,
              "column": 4
            },
            "end": {
              "line": 64,
              "column": 5
            }
          }
        ],
        "line": 62
      },
      "10": {
        "loc": {
          "start": {
            "line": 65,
            "column": 4
          },
          "end": {
            "line": 67,
            "column": 5
          }
        },
        "type": "if",
        "locations": [
          {
            "start": {
              "line": 65,
              "column": 4
            },
            "end": {
              "line": 67,
              "column": 5
            }
          },
          {
            "start": {
              "line": 65,
              "column": 4
            },
            "end": {
              "line": 67,
              "column": 5
            }
          }
        ],
        "line": 65
      },
      "11": {
        "loc": {
          "start": {
            "line": 68,
            "column": 4
          },
          "end": {
            "line": 70,
            "column": 5
          }
        },
        "type": "if",
        "locations": [
          {
            "start": {
              "line": 68,
              "column": 4
            },
            "end": {
              "line": 70,
              "column": 5
            }
          },
          {
            "start": {
              "line": 68,
              "column": 4
            },
            "end": {
              "line": 70,
              "column": 5
            }
          }
        ],
        "line": 68
      },
      "12": {
        "loc": {
          "start": {
            "line": 68,
            "column": 8
          },
          "end": {
            "line": 68,
            "column": 81
          }
        },
        "type": "binary-expr",
        "locations": [
          {
            "start": {
              "line": 68,
              "column": 8
            },
            "end": {
              "line": 68,
              "column": 45
            }
          },
          {
            "start": {
              "line": 68,
              "column": 49
            },
            "end": {
              "line": 68,
              "column": 81
            }
          }
        ],
        "line": 68
      }
    },
    "s": {
      "0": 14,
      "1": 9,
      "2": 5,
      "3": 5,
      "4": 0,
      "5": 9,
      "6": 9,
      "7": 9,
      "8": 9,
      "9": 1,
      "10": 8,
      "11": 1,
      "12": 7,
      "13": 1,
      "14": 6,
      "15": 1,
      "16": 5,
      "17": 14,
      "18": 1,
      "19": 4,
      "20": 0,
      "21": 4,
      "22": 5,
      "23": 5,
      "24": 5,
      "25": 0,
      "26": 5,
      "27": 0,
      "28": 5,
      "29": 0,
      "30": 5
    },
    "f": {
      "0": 14,
      "1": 9,
      "2": 9,
      "3": 5,
      "4": 5
    },
    "b": {
      "0": [
        9,
        5
      ],
      "1": [
        5,
        0
      ],
      "2": [
        1,
        8
      ],
      "3": [
        1,
        7
      ],
      "4": [
        1,
        6
      ],
      "5": [
        1,
        5
      ],
      "6": [
        1,
        13
      ],
      "7": [
        0,
        4
      ],
      "8": [
        4,
        4
      ],
      "9": [
        0,
        5
      ],
      "10": [
        0,
        5
      ],
      "11": [
        0,
        5
      ],
      "12": [
        5,
        5
      ]
    },
    "_coverageSchema": "1a1c01bbd47fc00a2c39e90264f33305004495a9",
    "hash": "9c47a7c8bad86c21fd464e3321a7e19165c14438"
  },
  "/home/adithya/finalProject/client/src/components/NewQuestion.js": {
    "path": "/home/adithya/finalProject/client/src/components/NewQuestion.js",
    "statementMap": {
      "0": {
        "start": {
          "line": 6,
          "column": 28
        },
        "end": {
          "line": 6,
          "column": 40
        }
      },
      "1": {
        "start": {
          "line": 7,
          "column": 26
        },
        "end": {
          "line": 7,
          "column": 38
        }
      },
      "2": {
        "start": {
          "line": 8,
          "column": 32
        },
        "end": {
          "line": 8,
          "column": 44
        }
      },
      "3": {
        "start": {
          "line": 9,
          "column": 26
        },
        "end": {
          "line": 9,
          "column": 38
        }
      },
      "4": {
        "start": {
          "line": 10,
          "column": 42
        },
        "end": {
          "line": 10,
          "column": 54
        }
      },
      "5": {
        "start": {
          "line": 15,
          "column": 30
        },
        "end": {
          "line": 15,
          "column": 53
        }
      },
      "6": {
        "start": {
          "line": 16,
          "column": 31
        },
        "end": {
          "line": 16,
          "column": 96
        }
      },
      "7": {
        "start": {
          "line": 17,
          "column": 4
        },
        "end": {
          "line": 17,
          "column": 41
        }
      },
      "8": {
        "start": {
          "line": 20,
          "column": 23
        },
        "end": {
          "line": 81,
          "column": 3
        }
      },
      "9": {
        "start": {
          "line": 21,
          "column": 4
        },
        "end": {
          "line": 21,
          "column": 27
        }
      },
      "10": {
        "start": {
          "line": 23,
          "column": 30
        },
        "end": {
          "line": 23,
          "column": 118
        }
      },
      "11": {
        "start": {
          "line": 23,
          "column": 106
        },
        "end": {
          "line": 23,
          "column": 116
        }
      },
      "12": {
        "start": {
          "line": 25,
          "column": 4
        },
        "end": {
          "line": 28,
          "column": 5
        }
      },
      "13": {
        "start": {
          "line": 26,
          "column": 6
        },
        "end": {
          "line": 26,
          "column": 41
        }
      },
      "14": {
        "start": {
          "line": 27,
          "column": 6
        },
        "end": {
          "line": 27,
          "column": 13
        }
      },
      "15": {
        "start": {
          "line": 30,
          "column": 4
        },
        "end": {
          "line": 80,
          "column": 3
        }
      },
      "16": {
        "start": {
          "line": 32,
          "column": 22
        },
        "end": {
          "line": 32,
          "column": 36
        }
      },
      "17": {
        "start": {
          "line": 33,
          "column": 23
        },
        "end": {
          "line": 39,
          "column": 8
        }
      },
      "18": {
        "start": {
          "line": 38,
          "column": 41
        },
        "end": {
          "line": 38,
          "column": 51
        }
      },
      "19": {
        "start": {
          "line": 40,
          "column": 6
        },
        "end": {
          "line": 44,
          "column": 7
        }
      },
      "20": {
        "start": {
          "line": 42,
          "column": 7
        },
        "end": {
          "line": 42,
          "column": 38
        }
      },
      "21": {
        "start": {
          "line": 43,
          "column": 7
        },
        "end": {
          "line": 43,
          "column": 14
        }
      },
      "22": {
        "start": {
          "line": 47,
          "column": 6
        },
        "end": {
          "line": 75,
          "column": 5
        }
      },
      "23": {
        "start": {
          "line": 48,
          "column": 6
        },
        "end": {
          "line": 48,
          "column": 28
        }
      },
      "24": {
        "start": {
          "line": 49,
          "column": 22
        },
        "end": {
          "line": 49,
          "column": 44
        }
      },
      "25": {
        "start": {
          "line": 50,
          "column": 6
        },
        "end": {
          "line": 50,
          "column": 39
        }
      },
      "26": {
        "start": {
          "line": 51,
          "column": 6
        },
        "end": {
          "line": 51,
          "column": 40
        }
      },
      "27": {
        "start": {
          "line": 53,
          "column": 6
        },
        "end": {
          "line": 53,
          "column": 19
        }
      },
      "28": {
        "start": {
          "line": 54,
          "column": 6
        },
        "end": {
          "line": 54,
          "column": 18
        }
      },
      "29": {
        "start": {
          "line": 55,
          "column": 6
        },
        "end": {
          "line": 55,
          "column": 21
        }
      },
      "30": {
        "start": {
          "line": 56,
          "column": 6
        },
        "end": {
          "line": 56,
          "column": 18
        }
      },
      "31": {
        "start": {
          "line": 57,
          "column": 6
        },
        "end": {
          "line": 57,
          "column": 26
        }
      },
      "32": {
        "start": {
          "line": 61,
          "column": 6
        },
        "end": {
          "line": 74,
          "column": 7
        }
      },
      "33": {
        "start": {
          "line": 64,
          "column": 28
        },
        "end": {
          "line": 64,
          "column": 50
        }
      },
      "34": {
        "start": {
          "line": 65,
          "column": 8
        },
        "end": {
          "line": 65,
          "column": 43
        }
      },
      "35": {
        "start": {
          "line": 66,
          "column": 8
        },
        "end": {
          "line": 66,
          "column": 42
        }
      },
      "36": {
        "start": {
          "line": 67,
          "column": 8
        },
        "end": {
          "line": 67,
          "column": 33
        }
      },
      "37": {
        "start": {
          "line": 68,
          "column": 8
        },
        "end": {
          "line": 68,
          "column": 44
        }
      },
      "38": {
        "start": {
          "line": 73,
          "column": 7
        },
        "end": {
          "line": 73,
          "column": 36
        }
      },
      "39": {
        "start": {
          "line": 78,
          "column": 4
        },
        "end": {
          "line": 78,
          "column": 51
        }
      },
      "40": {
        "start": {
          "line": 79,
          "column": 4
        },
        "end": {
          "line": 79,
          "column": 69
        }
      },
      "41": {
        "start": {
          "line": 83,
          "column": 2
        },
        "end": {
          "line": 123,
          "column": 4
        }
      },
      "42": {
        "start": {
          "line": 94,
          "column": 25
        },
        "end": {
          "line": 94,
          "column": 49
        }
      },
      "43": {
        "start": {
          "line": 104,
          "column": 25
        },
        "end": {
          "line": 104,
          "column": 48
        }
      },
      "44": {
        "start": {
          "line": 115,
          "column": 25
        },
        "end": {
          "line": 115,
          "column": 48
        }
      }
    },
    "fnMap": {
      "0": {
        "name": "NewQuestion",
        "decl": {
          "start": {
            "line": 5,
            "column": 24
          },
          "end": {
            "line": 5,
            "column": 35
          }
        },
        "loc": {
          "start": {
            "line": 5,
            "column": 43
          },
          "end": {
            "line": 124,
            "column": 1
          }
        },
        "line": 5
      },
      "1": {
        "name": "validateInputAndGetMessage",
        "decl": {
          "start": {
            "line": 13,
            "column": 11
          },
          "end": {
            "line": 13,
            "column": 37
          }
        },
        "loc": {
          "start": {
            "line": 13,
            "column": 66
          },
          "end": {
            "line": 18,
            "column": 3
          }
        },
        "line": 13
      },
      "2": {
        "name": "(anonymous_2)",
        "decl": {
          "start": {
            "line": 20,
            "column": 23
          },
          "end": {
            "line": 20,
            "column": 24
          }
        },
        "loc": {
          "start": {
            "line": 20,
            "column": 40
          },
          "end": {
            "line": 81,
            "column": 3
          }
        },
        "line": 20
      },
      "3": {
        "name": "(anonymous_3)",
        "decl": {
          "start": {
            "line": 23,
            "column": 99
          },
          "end": {
            "line": 23,
            "column": 100
          }
        },
        "loc": {
          "start": {
            "line": 23,
            "column": 106
          },
          "end": {
            "line": 23,
            "column": 116
          }
        },
        "line": 23
      },
      "4": {
        "name": "(anonymous_4)",
        "decl": {
          "start": {
            "line": 38,
            "column": 34
          },
          "end": {
            "line": 38,
            "column": 35
          }
        },
        "loc": {
          "start": {
            "line": 38,
            "column": 41
          },
          "end": {
            "line": 38,
            "column": 51
          }
        },
        "line": 38
      },
      "5": {
        "name": "(anonymous_5)",
        "decl": {
          "start": {
            "line": 94,
            "column": 18
          },
          "end": {
            "line": 94,
            "column": 19
          }
        },
        "loc": {
          "start": {
            "line": 94,
            "column": 25
          },
          "end": {
            "line": 94,
            "column": 49
          }
        },
        "line": 94
      },
      "6": {
        "name": "(anonymous_6)",
        "decl": {
          "start": {
            "line": 104,
            "column": 18
          },
          "end": {
            "line": 104,
            "column": 19
          }
        },
        "loc": {
          "start": {
            "line": 104,
            "column": 25
          },
          "end": {
            "line": 104,
            "column": 48
          }
        },
        "line": 104
      },
      "7": {
        "name": "(anonymous_7)",
        "decl": {
          "start": {
            "line": 115,
            "column": 18
          },
          "end": {
            "line": 115,
            "column": 19
          }
        },
        "loc": {
          "start": {
            "line": 115,
            "column": 25
          },
          "end": {
            "line": 115,
            "column": 48
          }
        },
        "line": 115
      }
    },
    "branchMap": {
      "0": {
        "loc": {
          "start": {
            "line": 25,
            "column": 4
          },
          "end": {
            "line": 28,
            "column": 5
          }
        },
        "type": "if",
        "locations": [
          {
            "start": {
              "line": 25,
              "column": 4
            },
            "end": {
              "line": 28,
              "column": 5
            }
          },
          {
            "start": {
              "line": 25,
              "column": 4
            },
            "end": {
              "line": 28,
              "column": 5
            }
          }
        ],
        "line": 25
      },
      "1": {
        "loc": {
          "start": {
            "line": 40,
            "column": 6
          },
          "end": {
            "line": 44,
            "column": 7
          }
        },
        "type": "if",
        "locations": [
          {
            "start": {
              "line": 40,
              "column": 6
            },
            "end": {
              "line": 44,
              "column": 7
            }
          },
          {
            "start": {
              "line": 40,
              "column": 6
            },
            "end": {
              "line": 44,
              "column": 7
            }
          }
        ],
        "line": 40
      },
      "2": {
        "loc": {
          "start": {
            "line": 47,
            "column": 6
          },
          "end": {
            "line": 75,
            "column": 5
          }
        },
        "type": "if",
        "locations": [
          {
            "start": {
              "line": 47,
              "column": 6
            },
            "end": {
              "line": 75,
              "column": 5
            }
          },
          {
            "start": {
              "line": 47,
              "column": 6
            },
            "end": {
              "line": 75,
              "column": 5
            }
          }
        ],
        "line": 47
      },
      "3": {
        "loc": {
          "start": {
            "line": 61,
            "column": 6
          },
          "end": {
            "line": 74,
            "column": 7
          }
        },
        "type": "if",
        "locations": [
          {
            "start": {
              "line": 61,
              "column": 6
            },
            "end": {
              "line": 74,
              "column": 7
            }
          },
          {
            "start": {
              "line": 61,
              "column": 6
            },
            "end": {
              "line": 74,
              "column": 7
            }
          }
        ],
        "line": 61
      },
      "4": {
        "loc": {
          "start": {
            "line": 121,
            "column": 11
          },
          "end": {
            "line": 121,
            "column": 78
          }
        },
        "type": "binary-expr",
        "locations": [
          {
            "start": {
              "line": 121,
              "column": 11
            },
            "end": {
              "line": 121,
              "column": 23
            }
          },
          {
            "start": {
              "line": 121,
              "column": 27
            },
            "end": {
              "line": 121,
              "column": 78
            }
          }
        ],
        "line": 121
      }
    },
    "s": {
      "0": 1008,
      "1": 1008,
      "2": 1008,
      "3": 1008,
      "4": 1008,
      "5": 9,
      "6": 9,
      "7": 9,
      "8": 1008,
      "9": 9,
      "10": 9,
      "11": 23,
      "12": 9,
      "13": 5,
      "14": 5,
      "15": 4,
      "16": 4,
      "17": 4,
      "18": 11,
      "19": 3,
      "20": 0,
      "21": 0,
      "22": 3,
      "23": 3,
      "24": 3,
      "25": 3,
      "26": 3,
      "27": 3,
      "28": 3,
      "29": 3,
      "30": 3,
      "31": 3,
      "32": 3,
      "33": 0,
      "34": 0,
      "35": 0,
      "36": 0,
      "37": 0,
      "38": 3,
      "39": 1,
      "40": 1,
      "41": 1008,
      "42": 207,
      "43": 137,
      "44": 135
    },
    "f": {
      "0": 1008,
      "1": 9,
      "2": 9,
      "3": 23,
      "4": 11,
      "5": 207,
      "6": 137,
      "7": 135
    },
    "b": {
      "0": [
        5,
        4
      ],
      "1": [
        0,
        3
      ],
      "2": [
        3,
        0
      ],
      "3": [
        0,
        3
      ],
      "4": [
        1008,
        12
      ]
    },
    "_coverageSchema": "1a1c01bbd47fc00a2c39e90264f33305004495a9",
    "hash": "156b2fb410b7534c03eac75a7f75101c68f5951c"
  },
  "/home/adithya/finalProject/client/src/components/question_comp_1.js": {
    "path": "/home/adithya/finalProject/client/src/components/question_comp_1.js",
    "statementMap": {
      "0": {
        "start": {
          "line": 7,
          "column": 4
        },
        "end": {
          "line": 7,
          "column": 17
        }
      },
      "1": {
        "start": {
          "line": 8,
          "column": 4
        },
        "end": {
          "line": 16,
          "column": 6
        }
      },
      "2": {
        "start": {
          "line": 20,
          "column": 4
        },
        "end": {
          "line": 37,
          "column": 9
        }
      },
      "3": {
        "start": {
          "line": 23,
          "column": 32
        },
        "end": {
          "line": 25,
          "column": 10
        }
      },
      "4": {
        "start": {
          "line": 24,
          "column": 10
        },
        "end": {
          "line": 24,
          "column": 59
        }
      },
      "5": {
        "start": {
          "line": 27,
          "column": 8
        },
        "end": {
          "line": 33,
          "column": 11
        }
      },
      "6": {
        "start": {
          "line": 36,
          "column": 8
        },
        "end": {
          "line": 36,
          "column": 53
        }
      },
      "7": {
        "start": {
          "line": 40,
          "column": 24
        },
        "end": {
          "line": 42,
          "column": 3
        }
      },
      "8": {
        "start": {
          "line": 41,
          "column": 4
        },
        "end": {
          "line": 41,
          "column": 36
        }
      },
      "9": {
        "start": {
          "line": 45,
          "column": 23
        },
        "end": {
          "line": 45,
          "column": 42
        }
      },
      "10": {
        "start": {
          "line": 46,
          "column": 24
        },
        "end": {
          "line": 46,
          "column": 45
        }
      },
      "11": {
        "start": {
          "line": 47,
          "column": 27
        },
        "end": {
          "line": 47,
          "column": 60
        }
      },
      "12": {
        "start": {
          "line": 49,
          "column": 4
        },
        "end": {
          "line": 74,
          "column": 5
        }
      },
      "13": {
        "start": {
          "line": 50,
          "column": 6
        },
        "end": {
          "line": 50,
          "column": 57
        }
      },
      "14": {
        "start": {
          "line": 51,
          "column": 11
        },
        "end": {
          "line": 74,
          "column": 5
        }
      },
      "15": {
        "start": {
          "line": 52,
          "column": 25
        },
        "end": {
          "line": 52,
          "column": 56
        }
      },
      "16": {
        "start": {
          "line": 53,
          "column": 6
        },
        "end": {
          "line": 53,
          "column": 68
        }
      },
      "17": {
        "start": {
          "line": 54,
          "column": 11
        },
        "end": {
          "line": 74,
          "column": 5
        }
      },
      "18": {
        "start": {
          "line": 55,
          "column": 23
        },
        "end": {
          "line": 55,
          "column": 56
        }
      },
      "19": {
        "start": {
          "line": 56,
          "column": 6
        },
        "end": {
          "line": 56,
          "column": 62
        }
      },
      "20": {
        "start": {
          "line": 57,
          "column": 11
        },
        "end": {
          "line": 74,
          "column": 5
        }
      },
      "21": {
        "start": {
          "line": 58,
          "column": 17
        },
        "end": {
          "line": 58,
          "column": 66
        }
      },
      "22": {
        "start": {
          "line": 59,
          "column": 18
        },
        "end": {
          "line": 59,
          "column": 69
        }
      },
      "23": {
        "start": {
          "line": 60,
          "column": 6
        },
        "end": {
          "line": 60,
          "column": 37
        }
      },
      "24": {
        "start": {
          "line": 61,
          "column": 11
        },
        "end": {
          "line": 74,
          "column": 5
        }
      },
      "25": {
        "start": {
          "line": 62,
          "column": 20
        },
        "end": {
          "line": 62,
          "column": 76
        }
      },
      "26": {
        "start": {
          "line": 63,
          "column": 18
        },
        "end": {
          "line": 63,
          "column": 66
        }
      },
      "27": {
        "start": {
          "line": 64,
          "column": 17
        },
        "end": {
          "line": 64,
          "column": 66
        }
      },
      "28": {
        "start": {
          "line": 65,
          "column": 18
        },
        "end": {
          "line": 65,
          "column": 69
        }
      },
      "29": {
        "start": {
          "line": 66,
          "column": 6
        },
        "end": {
          "line": 66,
          "column": 53
        }
      },
      "30": {
        "start": {
          "line": 68,
          "column": 20
        },
        "end": {
          "line": 68,
          "column": 76
        }
      },
      "31": {
        "start": {
          "line": 69,
          "column": 18
        },
        "end": {
          "line": 69,
          "column": 66
        }
      },
      "32": {
        "start": {
          "line": 70,
          "column": 19
        },
        "end": {
          "line": 70,
          "column": 43
        }
      },
      "33": {
        "start": {
          "line": 71,
          "column": 17
        },
        "end": {
          "line": 71,
          "column": 66
        }
      },
      "34": {
        "start": {
          "line": 72,
          "column": 18
        },
        "end": {
          "line": 72,
          "column": 69
        }
      },
      "35": {
        "start": {
          "line": 73,
          "column": 6
        },
        "end": {
          "line": 73,
          "column": 57
        }
      },
      "36": {
        "start": {
          "line": 77,
          "column": 19
        },
        "end": {
          "line": 81,
          "column": 3
        }
      },
      "37": {
        "start": {
          "line": 78,
          "column": 4
        },
        "end": {
          "line": 80,
          "column": 8
        }
      },
      "38": {
        "start": {
          "line": 78,
          "column": 34
        },
        "end": {
          "line": 80,
          "column": 5
        }
      },
      "39": {
        "start": {
          "line": 83,
          "column": 19
        },
        "end": {
          "line": 87,
          "column": 3
        }
      },
      "40": {
        "start": {
          "line": 84,
          "column": 4
        },
        "end": {
          "line": 86,
          "column": 8
        }
      },
      "41": {
        "start": {
          "line": 84,
          "column": 34
        },
        "end": {
          "line": 86,
          "column": 5
        }
      },
      "42": {
        "start": {
          "line": 89,
          "column": 17
        },
        "end": {
          "line": 129,
          "column": 3
        }
      },
      "43": {
        "start": {
          "line": 90,
          "column": 6
        },
        "end": {
          "line": 90,
          "column": 30
        }
      },
      "44": {
        "start": {
          "line": 92,
          "column": 25
        },
        "end": {
          "line": 92,
          "column": 35
        }
      },
      "45": {
        "start": {
          "line": 93,
          "column": 20
        },
        "end": {
          "line": 93,
          "column": 42
        }
      },
      "46": {
        "start": {
          "line": 97,
          "column": 21
        },
        "end": {
          "line": 103,
          "column": 7
        }
      },
      "47": {
        "start": {
          "line": 105,
          "column": 6
        },
        "end": {
          "line": 127,
          "column": 11
        }
      },
      "48": {
        "start": {
          "line": 109,
          "column": 10
        },
        "end": {
          "line": 109,
          "column": 59
        }
      },
      "49": {
        "start": {
          "line": 110,
          "column": 10
        },
        "end": {
          "line": 122,
          "column": 10
        }
      },
      "50": {
        "start": {
          "line": 111,
          "column": 32
        },
        "end": {
          "line": 111,
          "column": 95
        }
      },
      "51": {
        "start": {
          "line": 111,
          "column": 74
        },
        "end": {
          "line": 111,
          "column": 94
        }
      },
      "52": {
        "start": {
          "line": 117,
          "column": 6
        },
        "end": {
          "line": 117,
          "column": 50
        }
      },
      "53": {
        "start": {
          "line": 118,
          "column": 6
        },
        "end": {
          "line": 118,
          "column": 64
        }
      },
      "54": {
        "start": {
          "line": 120,
          "column": 6
        },
        "end": {
          "line": 122,
          "column": 9
        }
      },
      "55": {
        "start": {
          "line": 126,
          "column": 10
        },
        "end": {
          "line": 126,
          "column": 59
        }
      },
      "56": {
        "start": {
          "line": 131,
          "column": 19
        },
        "end": {
          "line": 171,
          "column": 3
        }
      },
      "57": {
        "start": {
          "line": 132,
          "column": 6
        },
        "end": {
          "line": 132,
          "column": 30
        }
      },
      "58": {
        "start": {
          "line": 134,
          "column": 25
        },
        "end": {
          "line": 134,
          "column": 35
        }
      },
      "59": {
        "start": {
          "line": 135,
          "column": 20
        },
        "end": {
          "line": 135,
          "column": 42
        }
      },
      "60": {
        "start": {
          "line": 139,
          "column": 21
        },
        "end": {
          "line": 145,
          "column": 7
        }
      },
      "61": {
        "start": {
          "line": 147,
          "column": 6
        },
        "end": {
          "line": 169,
          "column": 11
        }
      },
      "62": {
        "start": {
          "line": 151,
          "column": 10
        },
        "end": {
          "line": 151,
          "column": 59
        }
      },
      "63": {
        "start": {
          "line": 152,
          "column": 10
        },
        "end": {
          "line": 164,
          "column": 10
        }
      },
      "64": {
        "start": {
          "line": 153,
          "column": 32
        },
        "end": {
          "line": 153,
          "column": 95
        }
      },
      "65": {
        "start": {
          "line": 153,
          "column": 74
        },
        "end": {
          "line": 153,
          "column": 94
        }
      },
      "66": {
        "start": {
          "line": 159,
          "column": 6
        },
        "end": {
          "line": 159,
          "column": 50
        }
      },
      "67": {
        "start": {
          "line": 162,
          "column": 6
        },
        "end": {
          "line": 164,
          "column": 9
        }
      },
      "68": {
        "start": {
          "line": 168,
          "column": 10
        },
        "end": {
          "line": 168,
          "column": 59
        }
      },
      "69": {
        "start": {
          "line": 175,
          "column": 91
        },
        "end": {
          "line": 175,
          "column": 101
        }
      },
      "70": {
        "start": {
          "line": 176,
          "column": 4
        },
        "end": {
          "line": 176,
          "column": 42
        }
      },
      "71": {
        "start": {
          "line": 177,
          "column": 41
        },
        "end": {
          "line": 177,
          "column": 56
        }
      },
      "72": {
        "start": {
          "line": 179,
          "column": 26
        },
        "end": {
          "line": 179,
          "column": 40
        }
      },
      "73": {
        "start": {
          "line": 180,
          "column": 38
        },
        "end": {
          "line": 180,
          "column": 40
        }
      },
      "74": {
        "start": {
          "line": 181,
          "column": 20
        },
        "end": {
          "line": 181,
          "column": 22
        }
      },
      "75": {
        "start": {
          "line": 183,
          "column": 26
        },
        "end": {
          "line": 183,
          "column": 35
        }
      },
      "76": {
        "start": {
          "line": 185,
          "column": 0
        },
        "end": {
          "line": 197,
          "column": 3
        }
      },
      "77": {
        "start": {
          "line": 186,
          "column": 2
        },
        "end": {
          "line": 196,
          "column": 5
        }
      },
      "78": {
        "start": {
          "line": 187,
          "column": 16
        },
        "end": {
          "line": 187,
          "column": 53
        }
      },
      "79": {
        "start": {
          "line": 187,
          "column": 35
        },
        "end": {
          "line": 187,
          "column": 52
        }
      },
      "80": {
        "start": {
          "line": 188,
          "column": 4
        },
        "end": {
          "line": 195,
          "column": 5
        }
      },
      "81": {
        "start": {
          "line": 189,
          "column": 6
        },
        "end": {
          "line": 189,
          "column": 34
        }
      },
      "82": {
        "start": {
          "line": 190,
          "column": 6
        },
        "end": {
          "line": 194,
          "column": 8
        }
      },
      "83": {
        "start": {
          "line": 200,
          "column": 4
        },
        "end": {
          "line": 200,
          "column": 58
        }
      },
      "84": {
        "start": {
          "line": 200,
          "column": 35
        },
        "end": {
          "line": 200,
          "column": 56
        }
      },
      "85": {
        "start": {
          "line": 202,
          "column": 4
        },
        "end": {
          "line": 204,
          "column": 5
        }
      },
      "86": {
        "start": {
          "line": 203,
          "column": 6
        },
        "end": {
          "line": 203,
          "column": 60
        }
      },
      "87": {
        "start": {
          "line": 203,
          "column": 37
        },
        "end": {
          "line": 203,
          "column": 58
        }
      },
      "88": {
        "start": {
          "line": 205,
          "column": 4
        },
        "end": {
          "line": 236,
          "column": 5
        }
      },
      "89": {
        "start": {
          "line": 206,
          "column": 17
        },
        "end": {
          "line": 206,
          "column": 97
        }
      },
      "90": {
        "start": {
          "line": 206,
          "column": 47
        },
        "end": {
          "line": 206,
          "column": 96
        }
      },
      "91": {
        "start": {
          "line": 207,
          "column": 6
        },
        "end": {
          "line": 207,
          "column": 40
        }
      },
      "92": {
        "start": {
          "line": 208,
          "column": 6
        },
        "end": {
          "line": 208,
          "column": 22
        }
      },
      "93": {
        "start": {
          "line": 210,
          "column": 6
        },
        "end": {
          "line": 210,
          "column": 51
        }
      },
      "94": {
        "start": {
          "line": 211,
          "column": 6
        },
        "end": {
          "line": 223,
          "column": 9
        }
      },
      "95": {
        "start": {
          "line": 212,
          "column": 31
        },
        "end": {
          "line": 212,
          "column": 35
        }
      },
      "96": {
        "start": {
          "line": 213,
          "column": 8
        },
        "end": {
          "line": 219,
          "column": 11
        }
      },
      "97": {
        "start": {
          "line": 214,
          "column": 25
        },
        "end": {
          "line": 214,
          "column": 65
        }
      },
      "98": {
        "start": {
          "line": 214,
          "column": 47
        },
        "end": {
          "line": 214,
          "column": 64
        }
      },
      "99": {
        "start": {
          "line": 215,
          "column": 10
        },
        "end": {
          "line": 215,
          "column": 41
        }
      },
      "100": {
        "start": {
          "line": 216,
          "column": 10
        },
        "end": {
          "line": 218,
          "column": 11
        }
      },
      "101": {
        "start": {
          "line": 217,
          "column": 12
        },
        "end": {
          "line": 217,
          "column": 38
        }
      },
      "102": {
        "start": {
          "line": 220,
          "column": 8
        },
        "end": {
          "line": 222,
          "column": 9
        }
      },
      "103": {
        "start": {
          "line": 221,
          "column": 10
        },
        "end": {
          "line": 221,
          "column": 84
        }
      },
      "104": {
        "start": {
          "line": 224,
          "column": 6
        },
        "end": {
          "line": 224,
          "column": 55
        }
      },
      "105": {
        "start": {
          "line": 225,
          "column": 6
        },
        "end": {
          "line": 229,
          "column": 9
        }
      },
      "106": {
        "start": {
          "line": 226,
          "column": 22
        },
        "end": {
          "line": 226,
          "column": 48
        }
      },
      "107": {
        "start": {
          "line": 227,
          "column": 22
        },
        "end": {
          "line": 227,
          "column": 48
        }
      },
      "108": {
        "start": {
          "line": 228,
          "column": 8
        },
        "end": {
          "line": 228,
          "column": 29
        }
      },
      "109": {
        "start": {
          "line": 230,
          "column": 6
        },
        "end": {
          "line": 230,
          "column": 59
        }
      },
      "110": {
        "start": {
          "line": 231,
          "column": 6
        },
        "end": {
          "line": 231,
          "column": 79
        }
      },
      "111": {
        "start": {
          "line": 231,
          "column": 64
        },
        "end": {
          "line": 231,
          "column": 77
        }
      },
      "112": {
        "start": {
          "line": 232,
          "column": 6
        },
        "end": {
          "line": 232,
          "column": 27
        }
      },
      "113": {
        "start": {
          "line": 233,
          "column": 6
        },
        "end": {
          "line": 233,
          "column": 49
        }
      },
      "114": {
        "start": {
          "line": 237,
          "column": 4
        },
        "end": {
          "line": 241,
          "column": 5
        }
      },
      "115": {
        "start": {
          "line": 238,
          "column": 6
        },
        "end": {
          "line": 240,
          "column": 47
        }
      },
      "116": {
        "start": {
          "line": 239,
          "column": 30
        },
        "end": {
          "line": 239,
          "column": 58
        }
      },
      "117": {
        "start": {
          "line": 240,
          "column": 24
        },
        "end": {
          "line": 240,
          "column": 45
        }
      },
      "118": {
        "start": {
          "line": 243,
          "column": 33
        },
        "end": {
          "line": 243,
          "column": 87
        }
      },
      "119": {
        "start": {
          "line": 244,
          "column": 32
        },
        "end": {
          "line": 244,
          "column": 78
        }
      },
      "120": {
        "start": {
          "line": 245,
          "column": 27
        },
        "end": {
          "line": 245,
          "column": 91
        }
      },
      "121": {
        "start": {
          "line": 246,
          "column": 32
        },
        "end": {
          "line": 246,
          "column": 61
        }
      },
      "122": {
        "start": {
          "line": 270,
          "column": 4
        },
        "end": {
          "line": 278,
          "column": 3
        }
      },
      "123": {
        "start": {
          "line": 271,
          "column": 34
        },
        "end": {
          "line": 271,
          "column": 58
        }
      },
      "124": {
        "start": {
          "line": 272,
          "column": 6
        },
        "end": {
          "line": 276,
          "column": 7
        }
      },
      "125": {
        "start": {
          "line": 273,
          "column": 29
        },
        "end": {
          "line": 273,
          "column": 57
        }
      },
      "126": {
        "start": {
          "line": 274,
          "column": 28
        },
        "end": {
          "line": 274,
          "column": 55
        }
      },
      "127": {
        "start": {
          "line": 275,
          "column": 6
        },
        "end": {
          "line": 275,
          "column": 104
        }
      },
      "128": {
        "start": {
          "line": 277,
          "column": 4
        },
        "end": {
          "line": 277,
          "column": 58
        }
      },
      "129": {
        "start": {
          "line": 281,
          "column": 4
        },
        "end": {
          "line": 365,
          "column": 6
        }
      },
      "130": {
        "start": {
          "line": 286,
          "column": 14
        },
        "end": {
          "line": 314,
          "column": 19
        }
      },
      "131": {
        "start": {
          "line": 286,
          "column": 43
        },
        "end": {
          "line": 286,
          "column": 81
        }
      },
      "132": {
        "start": {
          "line": 305,
          "column": 51
        },
        "end": {
          "line": 305,
          "column": 84
        }
      },
      "133": {
        "start": {
          "line": 320,
          "column": 14
        },
        "end": {
          "line": 351,
          "column": 19
        }
      },
      "134": {
        "start": {
          "line": 320,
          "column": 45
        },
        "end": {
          "line": 320,
          "column": 83
        }
      },
      "135": {
        "start": {
          "line": 336,
          "column": 51
        },
        "end": {
          "line": 336,
          "column": 84
        }
      },
      "136": {
        "start": {
          "line": 338,
          "column": 118
        },
        "end": {
          "line": 338,
          "column": 167
        }
      },
      "137": {
        "start": {
          "line": 341,
          "column": 118
        },
        "end": {
          "line": 341,
          "column": 169
        }
      }
    },
    "fnMap": {
      "0": {
        "name": "(anonymous_0)",
        "decl": {
          "start": {
            "line": 6,
            "column": 2
          },
          "end": {
            "line": 6,
            "column": 3
          }
        },
        "loc": {
          "start": {
            "line": 6,
            "column": 21
          },
          "end": {
            "line": 17,
            "column": 3
          }
        },
        "line": 6
      },
      "1": {
        "name": "(anonymous_1)",
        "decl": {
          "start": {
            "line": 19,
            "column": 2
          },
          "end": {
            "line": 19,
            "column": 3
          }
        },
        "loc": {
          "start": {
            "line": 19,
            "column": 22
          },
          "end": {
            "line": 38,
            "column": 3
          }
        },
        "line": 19
      },
      "2": {
        "name": "(anonymous_2)",
        "decl": {
          "start": {
            "line": 22,
            "column": 12
          },
          "end": {
            "line": 22,
            "column": 13
          }
        },
        "loc": {
          "start": {
            "line": 22,
            "column": 26
          },
          "end": {
            "line": 34,
            "column": 7
          }
        },
        "line": 22
      },
      "3": {
        "name": "(anonymous_3)",
        "decl": {
          "start": {
            "line": 23,
            "column": 61
          },
          "end": {
            "line": 23,
            "column": 62
          }
        },
        "loc": {
          "start": {
            "line": 23,
            "column": 71
          },
          "end": {
            "line": 25,
            "column": 9
          }
        },
        "line": 23
      },
      "4": {
        "name": "(anonymous_4)",
        "decl": {
          "start": {
            "line": 35,
            "column": 13
          },
          "end": {
            "line": 35,
            "column": 14
          }
        },
        "loc": {
          "start": {
            "line": 35,
            "column": 24
          },
          "end": {
            "line": 37,
            "column": 7
          }
        },
        "line": 35
      },
      "5": {
        "name": "(anonymous_5)",
        "decl": {
          "start": {
            "line": 40,
            "column": 24
          },
          "end": {
            "line": 40,
            "column": 25
          }
        },
        "loc": {
          "start": {
            "line": 40,
            "column": 33
          },
          "end": {
            "line": 42,
            "column": 3
          }
        },
        "line": 40
      },
      "6": {
        "name": "(anonymous_6)",
        "decl": {
          "start": {
            "line": 44,
            "column": 2
          },
          "end": {
            "line": 44,
            "column": 3
          }
        },
        "loc": {
          "start": {
            "line": 44,
            "column": 50
          },
          "end": {
            "line": 75,
            "column": 3
          }
        },
        "line": 44
      },
      "7": {
        "name": "(anonymous_7)",
        "decl": {
          "start": {
            "line": 77,
            "column": 19
          },
          "end": {
            "line": 77,
            "column": 20
          }
        },
        "loc": {
          "start": {
            "line": 77,
            "column": 25
          },
          "end": {
            "line": 81,
            "column": 3
          }
        },
        "line": 77
      },
      "8": {
        "name": "(anonymous_8)",
        "decl": {
          "start": {
            "line": 78,
            "column": 18
          },
          "end": {
            "line": 78,
            "column": 19
          }
        },
        "loc": {
          "start": {
            "line": 78,
            "column": 34
          },
          "end": {
            "line": 80,
            "column": 5
          }
        },
        "line": 78
      },
      "9": {
        "name": "(anonymous_9)",
        "decl": {
          "start": {
            "line": 83,
            "column": 19
          },
          "end": {
            "line": 83,
            "column": 20
          }
        },
        "loc": {
          "start": {
            "line": 83,
            "column": 25
          },
          "end": {
            "line": 87,
            "column": 3
          }
        },
        "line": 83
      },
      "10": {
        "name": "(anonymous_10)",
        "decl": {
          "start": {
            "line": 84,
            "column": 18
          },
          "end": {
            "line": 84,
            "column": 19
          }
        },
        "loc": {
          "start": {
            "line": 84,
            "column": 34
          },
          "end": {
            "line": 86,
            "column": 5
          }
        },
        "line": 84
      },
      "11": {
        "name": "(anonymous_11)",
        "decl": {
          "start": {
            "line": 89,
            "column": 17
          },
          "end": {
            "line": 89,
            "column": 18
          }
        },
        "loc": {
          "start": {
            "line": 89,
            "column": 39
          },
          "end": {
            "line": 129,
            "column": 3
          }
        },
        "line": 89
      },
      "12": {
        "name": "(anonymous_12)",
        "decl": {
          "start": {
            "line": 107,
            "column": 14
          },
          "end": {
            "line": 107,
            "column": 15
          }
        },
        "loc": {
          "start": {
            "line": 107,
            "column": 28
          },
          "end": {
            "line": 123,
            "column": 9
          }
        },
        "line": 107
      },
      "13": {
        "name": "(anonymous_13)",
        "decl": {
          "start": {
            "line": 111,
            "column": 60
          },
          "end": {
            "line": 111,
            "column": 61
          }
        },
        "loc": {
          "start": {
            "line": 111,
            "column": 74
          },
          "end": {
            "line": 111,
            "column": 94
          }
        },
        "line": 111
      },
      "14": {
        "name": "(anonymous_14)",
        "decl": {
          "start": {
            "line": 124,
            "column": 15
          },
          "end": {
            "line": 124,
            "column": 16
          }
        },
        "loc": {
          "start": {
            "line": 124,
            "column": 26
          },
          "end": {
            "line": 127,
            "column": 9
          }
        },
        "line": 124
      },
      "15": {
        "name": "(anonymous_15)",
        "decl": {
          "start": {
            "line": 131,
            "column": 19
          },
          "end": {
            "line": 131,
            "column": 20
          }
        },
        "loc": {
          "start": {
            "line": 131,
            "column": 41
          },
          "end": {
            "line": 171,
            "column": 3
          }
        },
        "line": 131
      },
      "16": {
        "name": "(anonymous_16)",
        "decl": {
          "start": {
            "line": 149,
            "column": 14
          },
          "end": {
            "line": 149,
            "column": 15
          }
        },
        "loc": {
          "start": {
            "line": 149,
            "column": 28
          },
          "end": {
            "line": 165,
            "column": 9
          }
        },
        "line": 149
      },
      "17": {
        "name": "(anonymous_17)",
        "decl": {
          "start": {
            "line": 153,
            "column": 60
          },
          "end": {
            "line": 153,
            "column": 61
          }
        },
        "loc": {
          "start": {
            "line": 153,
            "column": 74
          },
          "end": {
            "line": 153,
            "column": 94
          }
        },
        "line": 153
      },
      "18": {
        "name": "(anonymous_18)",
        "decl": {
          "start": {
            "line": 166,
            "column": 15
          },
          "end": {
            "line": 166,
            "column": 16
          }
        },
        "loc": {
          "start": {
            "line": 166,
            "column": 26
          },
          "end": {
            "line": 169,
            "column": 9
          }
        },
        "line": 166
      },
      "19": {
        "name": "(anonymous_19)",
        "decl": {
          "start": {
            "line": 174,
            "column": 2
          },
          "end": {
            "line": 174,
            "column": 3
          }
        },
        "loc": {
          "start": {
            "line": 174,
            "column": 11
          },
          "end": {
            "line": 366,
            "column": 3
          }
        },
        "line": 174
      },
      "20": {
        "name": "(anonymous_20)",
        "decl": {
          "start": {
            "line": 185,
            "column": 18
          },
          "end": {
            "line": 185,
            "column": 19
          }
        },
        "loc": {
          "start": {
            "line": 185,
            "column": 32
          },
          "end": {
            "line": 197,
            "column": 1
          }
        },
        "line": 185
      },
      "21": {
        "name": "(anonymous_21)",
        "decl": {
          "start": {
            "line": 186,
            "column": 26
          },
          "end": {
            "line": 186,
            "column": 27
          }
        },
        "loc": {
          "start": {
            "line": 186,
            "column": 37
          },
          "end": {
            "line": 196,
            "column": 3
          }
        },
        "line": 186
      },
      "22": {
        "name": "(anonymous_22)",
        "decl": {
          "start": {
            "line": 187,
            "column": 26
          },
          "end": {
            "line": 187,
            "column": 27
          }
        },
        "loc": {
          "start": {
            "line": 187,
            "column": 35
          },
          "end": {
            "line": 187,
            "column": 52
          }
        },
        "line": 187
      },
      "23": {
        "name": "(anonymous_23)",
        "decl": {
          "start": {
            "line": 200,
            "column": 25
          },
          "end": {
            "line": 200,
            "column": 26
          }
        },
        "loc": {
          "start": {
            "line": 200,
            "column": 35
          },
          "end": {
            "line": 200,
            "column": 56
          }
        },
        "line": 200
      },
      "24": {
        "name": "(anonymous_24)",
        "decl": {
          "start": {
            "line": 203,
            "column": 27
          },
          "end": {
            "line": 203,
            "column": 28
          }
        },
        "loc": {
          "start": {
            "line": 203,
            "column": 37
          },
          "end": {
            "line": 203,
            "column": 58
          }
        },
        "line": 203
      },
      "25": {
        "name": "(anonymous_25)",
        "decl": {
          "start": {
            "line": 206,
            "column": 38
          },
          "end": {
            "line": 206,
            "column": 39
          }
        },
        "loc": {
          "start": {
            "line": 206,
            "column": 47
          },
          "end": {
            "line": 206,
            "column": 96
          }
        },
        "line": 206
      },
      "26": {
        "name": "(anonymous_26)",
        "decl": {
          "start": {
            "line": 211,
            "column": 30
          },
          "end": {
            "line": 211,
            "column": 31
          }
        },
        "loc": {
          "start": {
            "line": 211,
            "column": 44
          },
          "end": {
            "line": 223,
            "column": 7
          }
        },
        "line": 211
      },
      "27": {
        "name": "(anonymous_27)",
        "decl": {
          "start": {
            "line": 213,
            "column": 32
          },
          "end": {
            "line": 213,
            "column": 33
          }
        },
        "loc": {
          "start": {
            "line": 213,
            "column": 43
          },
          "end": {
            "line": 219,
            "column": 9
          }
        },
        "line": 213
      },
      "28": {
        "name": "(anonymous_28)",
        "decl": {
          "start": {
            "line": 214,
            "column": 38
          },
          "end": {
            "line": 214,
            "column": 39
          }
        },
        "loc": {
          "start": {
            "line": 214,
            "column": 47
          },
          "end": {
            "line": 214,
            "column": 64
          }
        },
        "line": 214
      },
      "29": {
        "name": "(anonymous_29)",
        "decl": {
          "start": {
            "line": 225,
            "column": 37
          },
          "end": {
            "line": 225,
            "column": 38
          }
        },
        "loc": {
          "start": {
            "line": 225,
            "column": 47
          },
          "end": {
            "line": 229,
            "column": 7
          }
        },
        "line": 225
      },
      "30": {
        "name": "(anonymous_30)",
        "decl": {
          "start": {
            "line": 231,
            "column": 54
          },
          "end": {
            "line": 231,
            "column": 55
          }
        },
        "loc": {
          "start": {
            "line": 231,
            "column": 64
          },
          "end": {
            "line": 231,
            "column": 77
          }
        },
        "line": 231
      },
      "31": {
        "name": "(anonymous_31)",
        "decl": {
          "start": {
            "line": 239,
            "column": 16
          },
          "end": {
            "line": 239,
            "column": 17
          }
        },
        "loc": {
          "start": {
            "line": 239,
            "column": 30
          },
          "end": {
            "line": 239,
            "column": 58
          }
        },
        "line": 239
      },
      "32": {
        "name": "(anonymous_32)",
        "decl": {
          "start": {
            "line": 240,
            "column": 14
          },
          "end": {
            "line": 240,
            "column": 15
          }
        },
        "loc": {
          "start": {
            "line": 240,
            "column": 24
          },
          "end": {
            "line": 240,
            "column": 45
          }
        },
        "line": 240
      },
      "33": {
        "name": "(anonymous_33)",
        "decl": {
          "start": {
            "line": 272,
            "column": 49
          },
          "end": {
            "line": 272,
            "column": 50
          }
        },
        "loc": {
          "start": {
            "line": 272,
            "column": 63
          },
          "end": {
            "line": 276,
            "column": 5
          }
        },
        "line": 272
      },
      "34": {
        "name": "(anonymous_34)",
        "decl": {
          "start": {
            "line": 285,
            "column": 34
          },
          "end": {
            "line": 285,
            "column": 35
          }
        },
        "loc": {
          "start": {
            "line": 286,
            "column": 14
          },
          "end": {
            "line": 314,
            "column": 19
          }
        },
        "line": 286
      },
      "35": {
        "name": "(anonymous_35)",
        "decl": {
          "start": {
            "line": 286,
            "column": 37
          },
          "end": {
            "line": 286,
            "column": 38
          }
        },
        "loc": {
          "start": {
            "line": 286,
            "column": 43
          },
          "end": {
            "line": 286,
            "column": 81
          }
        },
        "line": 286
      },
      "36": {
        "name": "(anonymous_36)",
        "decl": {
          "start": {
            "line": 305,
            "column": 42
          },
          "end": {
            "line": 305,
            "column": 43
          }
        },
        "loc": {
          "start": {
            "line": 305,
            "column": 51
          },
          "end": {
            "line": 305,
            "column": 84
          }
        },
        "line": 305
      },
      "37": {
        "name": "(anonymous_37)",
        "decl": {
          "start": {
            "line": 319,
            "column": 34
          },
          "end": {
            "line": 319,
            "column": 35
          }
        },
        "loc": {
          "start": {
            "line": 320,
            "column": 14
          },
          "end": {
            "line": 351,
            "column": 19
          }
        },
        "line": 320
      },
      "38": {
        "name": "(anonymous_38)",
        "decl": {
          "start": {
            "line": 320,
            "column": 39
          },
          "end": {
            "line": 320,
            "column": 40
          }
        },
        "loc": {
          "start": {
            "line": 320,
            "column": 45
          },
          "end": {
            "line": 320,
            "column": 83
          }
        },
        "line": 320
      },
      "39": {
        "name": "(anonymous_39)",
        "decl": {
          "start": {
            "line": 336,
            "column": 42
          },
          "end": {
            "line": 336,
            "column": 43
          }
        },
        "loc": {
          "start": {
            "line": 336,
            "column": 51
          },
          "end": {
            "line": 336,
            "column": 84
          }
        },
        "line": 336
      },
      "40": {
        "name": "(anonymous_40)",
        "decl": {
          "start": {
            "line": 338,
            "column": 107
          },
          "end": {
            "line": 338,
            "column": 108
          }
        },
        "loc": {
          "start": {
            "line": 338,
            "column": 118
          },
          "end": {
            "line": 338,
            "column": 167
          }
        },
        "line": 338
      },
      "41": {
        "name": "(anonymous_41)",
        "decl": {
          "start": {
            "line": 341,
            "column": 107
          },
          "end": {
            "line": 341,
            "column": 108
          }
        },
        "loc": {
          "start": {
            "line": 341,
            "column": 118
          },
          "end": {
            "line": 341,
            "column": 169
          }
        },
        "line": 341
      }
    },
    "branchMap": {
      "0": {
        "loc": {
          "start": {
            "line": 30,
            "column": 18
          },
          "end": {
            "line": 30,
            "column": 42
          }
        },
        "type": "binary-expr",
        "locations": [
          {
            "start": {
              "line": 30,
              "column": 18
            },
            "end": {
              "line": 30,
              "column": 36
            }
          },
          {
            "start": {
              "line": 30,
              "column": 40
            },
            "end": {
              "line": 30,
              "column": 42
            }
          }
        ],
        "line": 30
      },
      "1": {
        "loc": {
          "start": {
            "line": 31,
            "column": 21
          },
          "end": {
            "line": 31,
            "column": 48
          }
        },
        "type": "binary-expr",
        "locations": [
          {
            "start": {
              "line": 31,
              "column": 21
            },
            "end": {
              "line": 31,
              "column": 42
            }
          },
          {
            "start": {
              "line": 31,
              "column": 46
            },
            "end": {
              "line": 31,
              "column": 48
            }
          }
        ],
        "line": 31
      },
      "2": {
        "loc": {
          "start": {
            "line": 49,
            "column": 4
          },
          "end": {
            "line": 74,
            "column": 5
          }
        },
        "type": "if",
        "locations": [
          {
            "start": {
              "line": 49,
              "column": 4
            },
            "end": {
              "line": 74,
              "column": 5
            }
          },
          {
            "start": {
              "line": 49,
              "column": 4
            },
            "end": {
              "line": 74,
              "column": 5
            }
          }
        ],
        "line": 49
      },
      "3": {
        "loc": {
          "start": {
            "line": 51,
            "column": 11
          },
          "end": {
            "line": 74,
            "column": 5
          }
        },
        "type": "if",
        "locations": [
          {
            "start": {
              "line": 51,
              "column": 11
            },
            "end": {
              "line": 74,
              "column": 5
            }
          },
          {
            "start": {
              "line": 51,
              "column": 11
            },
[...]
          "column": 46
        }
      },
      "4": {
        "start": {
          "line": 8,
          "column": 30
        },
        "end": {
          "line": 8,
          "column": 42
        }
      },
      "5": {
        "start": {
          "line": 9,
          "column": 48
        },
        "end": {
          "line": 9,
          "column": 60
        }
      },
      "6": {
        "start": {
          "line": 10,
          "column": 28
        },
        "end": {
          "line": 44,
          "column": 3
        }
      },
      "7": {
        "start": {
          "line": 11,
          "column": 4
        },
        "end": {
          "line": 11,
          "column": 27
        }
      },
      "8": {
        "start": {
          "line": 13,
          "column": 4
        },
        "end": {
          "line": 43,
          "column": 5
        }
      },
      "9": {
        "start": {
          "line": 16,
          "column": 23
        },
        "end": {
          "line": 21,
          "column": 8
        }
      },
      "10": {
        "start": {
          "line": 24,
          "column": 7
        },
        "end": {
          "line": 24,
          "column": 46
        }
      },
      "11": {
        "start": {
          "line": 25,
          "column": 7
        },
        "end": {
          "line": 25,
          "column": 31
        }
      },
      "12": {
        "start": {
          "line": 29,
          "column": 6
        },
        "end": {
          "line": 29,
          "column": 28
        }
      },
      "13": {
        "start": {
          "line": 31,
          "column": 6
        },
        "end": {
          "line": 31,
          "column": 25
        }
      },
      "14": {
        "start": {
          "line": 32,
          "column": 6
        },
        "end": {
          "line": 34,
          "column": 7
        }
      },
      "15": {
        "start": {
          "line": 33,
          "column": 6
        },
        "end": {
          "line": 33,
          "column": 36
        }
      },
      "16": {
        "start": {
          "line": 35,
          "column": 6
        },
        "end": {
          "line": 37,
          "column": 7
        }
      },
      "17": {
        "start": {
          "line": 36,
          "column": 6
        },
        "end": {
          "line": 36,
          "column": 34
        }
      },
      "18": {
        "start": {
          "line": 38,
          "column": 6
        },
        "end": {
          "line": 40,
          "column": 7
        }
      },
      "19": {
        "start": {
          "line": 39,
          "column": 6
        },
        "end": {
          "line": 39,
          "column": 55
        }
      },
      "20": {
        "start": {
          "line": 41,
          "column": 6
        },
        "end": {
          "line": 41,
          "column": 50
        }
      },
      "21": {
        "start": {
          "line": 46,
          "column": 2
        },
        "end": {
          "line": 98,
          "column": 5
        }
      },
      "22": {
        "start": {
          "line": 53,
          "column": 25
        },
        "end": {
          "line": 53,
          "column": 52
        }
      },
      "23": {
        "start": {
          "line": 65,
          "column": 25
        },
        "end": {
          "line": 65,
          "column": 49
        }
      },
      "24": {
        "start": {
          "line": 77,
          "column": 25
        },
        "end": {
          "line": 77,
          "column": 52
        }
      },
      "25": {
        "start": {
          "line": 88,
          "column": 25
        },
        "end": {
          "line": 88,
          "column": 59
        }
      }
    },
    "fnMap": {
      "0": {
        "name": "(anonymous_0)",
        "decl": {
          "start": {
            "line": 4,
            "column": 24
          },
          "end": {
            "line": 4,
            "column": 25
          }
        },
        "loc": {
          "start": {
            "line": 4,
            "column": 46
          },
          "end": {
            "line": 100,
            "column": 1
          }
        },
        "line": 4
      },
      "1": {
        "name": "(anonymous_1)",
        "decl": {
          "start": {
            "line": 10,
            "column": 28
          },
          "end": {
            "line": 10,
            "column": 29
          }
        },
        "loc": {
          "start": {
            "line": 10,
            "column": 45
          },
          "end": {
            "line": 44,
            "column": 3
          }
        },
        "line": 10
      },
      "2": {
        "name": "(anonymous_2)",
        "decl": {
          "start": {
            "line": 53,
            "column": 18
          },
          "end": {
            "line": 53,
            "column": 19
          }
        },
        "loc": {
          "start": {
            "line": 53,
            "column": 25
          },
          "end": {
            "line": 53,
            "column": 52
          }
        },
        "line": 53
      },
      "3": {
        "name": "(anonymous_3)",
        "decl": {
          "start": {
            "line": 65,
            "column": 18
          },
          "end": {
            "line": 65,
            "column": 19
          }
        },
        "loc": {
          "start": {
            "line": 65,
            "column": 25
          },
          "end": {
            "line": 65,
            "column": 49
          }
        },
        "line": 65
      },
      "4": {
        "name": "(anonymous_4)",
        "decl": {
          "start": {
            "line": 77,
            "column": 18
          },
          "end": {
            "line": 77,
            "column": 19
          }
        },
        "loc": {
          "start": {
            "line": 77,
            "column": 25
          },
          "end": {
            "line": 77,
            "column": 52
          }
        },
        "line": 77
      },
      "5": {
        "name": "(anonymous_5)",
        "decl": {
          "start": {
            "line": 88,
            "column": 18
          },
          "end": {
            "line": 88,
            "column": 19
          }
        },
        "loc": {
          "start": {
            "line": 88,
            "column": 25
          },
          "end": {
            "line": 88,
            "column": 59
          }
        },
        "line": 88
      }
    },
    "branchMap": {
      "0": {
        "loc": {
          "start": {
            "line": 32,
            "column": 6
          },
          "end": {
            "line": 34,
            "column": 7
          }
        },
        "type": "if",
        "locations": [
          {
            "start": {
              "line": 32,
              "column": 6
            },
            "end": {
              "line": 34,
              "column": 7
            }
          },
          {
            "start": {
              "line": 32,
              "column": 6
            },
            "end": {
              "line": 34,
              "column": 7
            }
          }
        ],
        "line": 32
      },
      "1": {
        "loc": {
          "start": {
            "line": 35,
            "column": 6
          },
          "end": {
            "line": 37,
            "column": 7
          }
        },
        "type": "if",
        "locations": [
          {
            "start": {
              "line": 35,
              "column": 6
            },
            "end": {
              "line": 37,
              "column": 7
            }
          },
          {
            "start": {
              "line": 35,
              "column": 6
            },
            "end": {
              "line": 37,
              "column": 7
            }
          }
        ],
        "line": 35
      },
      "2": {
        "loc": {
          "start": {
            "line": 38,
            "column": 6
          },
          "end": {
            "line": 40,
            "column": 7
          }
        },
        "type": "if",
        "locations": [
          {
            "start": {
              "line": 38,
              "column": 6
            },
            "end": {
              "line": 40,
              "column": 7
            }
          },
          {
            "start": {
              "line": 38,
              "column": 6
            },
            "end": {
              "line": 40,
              "column": 7
            }
          }
        ],
        "line": 38
      }
    },
    "s": {
      "0": 147,
      "1": 236,
      "2": 236,
      "3": 236,
      "4": 236,
      "5": 236,
      "6": 236,
      "7": 2,
      "8": 2,
      "9": 2,
      "10": 1,
      "11": 1,
      "12": 1,
      "13": 1,
      "14": 1,
      "15": 0,
      "16": 1,
      "17": 0,
      "18": 1,
      "19": 1,
      "20": 1,
      "21": 236,
      "22": 15,
      "23": 34,
      "24": 33,
      "25": 33
    },
    "f": {
      "0": 236,
      "1": 2,
      "2": 15,
      "3": 34,
      "4": 33,
      "5": 33
    },
    "b": {
      "0": [
        0,
        1
      ],
      "1": [
        0,
        1
      ],
      "2": [
        1,
        0
      ]
    },
    "_coverageSchema": "1a1c01bbd47fc00a2c39e90264f33305004495a9",
    "hash": "9d5f421fb7310400dbb5987820a04fc61f0b9de7"
  },
  "/home/adithya/finalProject/client/src/components/Welcome.js": {
    "path": "/home/adithya/finalProject/client/src/components/Welcome.js",
    "statementMap": {
      "0": {
        "start": {
          "line": 3,
          "column": 23
        },
        "end": {
          "line": 33,
          "column": 1
        }
      },
      "1": {
        "start": {
          "line": 20,
          "column": 4
        },
        "end": {
          "line": 32,
          "column": 5
        }
      },
      "2": {
        "start": {
          "line": 26,
          "column": 58
        },
        "end": {
          "line": 26,
          "column": 79
        }
      },
      "3": {
        "start": {
          "line": 27,
          "column": 58
        },
        "end": {
          "line": 27,
          "column": 82
        }
      },
      "4": {
        "start": {
          "line": 28,
          "column": 58
        },
        "end": {
          "line": 28,
          "column": 79
        }
      }
    },
    "fnMap": {
      "0": {
        "name": "(anonymous_0)",
        "decl": {
          "start": {
            "line": 3,
            "column": 23
          },
          "end": {
            "line": 3,
            "column": 24
          }
        },
        "loc": {
          "start": {
            "line": 3,
            "column": 43
          },
          "end": {
            "line": 33,
            "column": 1
          }
        },
        "line": 3
      },
      "1": {
        "name": "(anonymous_1)",
        "decl": {
          "start": {
            "line": 26,
            "column": 52
          },
          "end": {
            "line": 26,
            "column": 53
          }
        },
        "loc": {
          "start": {
            "line": 26,
            "column": 58
          },
          "end": {
            "line": 26,
            "column": 79
          }
        },
        "line": 26
      },
      "2": {
        "name": "(anonymous_2)",
        "decl": {
          "start": {
            "line": 27,
            "column": 52
          },
          "end": {
            "line": 27,
            "column": 53
          }
        },
        "loc": {
          "start": {
            "line": 27,
            "column": 58
          },
          "end": {
            "line": 27,
            "column": 82
          }
        },
        "line": 27
      },
      "3": {
        "name": "(anonymous_3)",
        "decl": {
          "start": {
            "line": 28,
            "column": 52
          },
          "end": {
            "line": 28,
            "column": 53
          }
        },
        "loc": {
          "start": {
            "line": 28,
            "column": 58
          },
          "end": {
            "line": 28,
            "column": 79
          }
        },
        "line": 28
      }
    },
    "branchMap": {},
    "s": {
      "0": 147,
      "1": 302,
      "2": 63,
      "3": 2,
      "4": 11
    },
    "f": {
      "0": 302,
      "1": 63,
      "2": 2,
      "3": 11
    },
    "b": {},
    "_coverageSchema": "1a1c01bbd47fc00a2c39e90264f33305004495a9",
    "hash": "67fd9c50eb9a44fb992152e373f306c2e914cae1"
  },
  "/home/adithya/finalProject/client/src/App.js": {
    "path": "/home/adithya/finalProject/client/src/App.js",
    "statementMap": {
      "0": {
        "start": {
          "line": 12,
          "column": 40
        },
        "end": {
          "line": 12,
          "column": 59
        }
      },
      "1": {
        "start": {
          "line": 14,
          "column": 36
        },
        "end": {
          "line": 14,
          "column": 48
        }
      },
      "2": {
        "start": {
          "line": 15,
          "column": 26
        },
        "end": {
          "line": 15,
          "column": 38
        }
      },
      "3": {
        "start": {
          "line": 17,
          "column": 27
        },
        "end": {
          "line": 19,
          "column": 3
        }
      },
      "4": {
        "start": {
          "line": 18,
          "column": 4
        },
        "end": {
          "line": 18,
          "column": 29
        }
      },
      "5": {
        "start": {
          "line": 21,
          "column": 2
        },
        "end": {
          "line": 46,
          "column": 4
        }
      },
      "6": {
        "start": {
          "line": 37,
          "column": 29
        },
        "end": {
          "line": 37,
          "column": 54
        }
      },
      "7": {
        "start": {
          "line": 42,
          "column": 31
        },
        "end": {
          "line": 42,
          "column": 56
        }
      }
    },
    "fnMap": {
      "0": {
        "name": "App",
        "decl": {
          "start": {
            "line": 11,
            "column": 9
          },
          "end": {
            "line": 11,
            "column": 12
          }
        },
        "loc": {
          "start": {
            "line": 11,
            "column": 15
          },
          "end": {
            "line": 47,
            "column": 1
          }
        },
        "line": 11
      },
      "1": {
        "name": "(anonymous_1)",
        "decl": {
          "start": {
            "line": 17,
            "column": 27
          },
          "end": {
            "line": 17,
            "column": 28
          }
        },
        "loc": {
          "start": {
            "line": 17,
            "column": 41
          },
          "end": {
            "line": 19,
            "column": 3
          }
        },
        "line": 17
      },
      "2": {
        "name": "(anonymous_2)",
        "decl": {
          "start": {
            "line": 37,
            "column": 23
          },
          "end": {
            "line": 37,
            "column": 24
          }
        },
        "loc": {
          "start": {
            "line": 37,
            "column": 29
          },
          "end": {
            "line": 37,
            "column": 54
          }
        },
        "line": 37
      },
      "3": {
        "name": "(anonymous_3)",
        "decl": {
          "start": {
            "line": 42,
            "column": 25
          },
          "end": {
            "line": 42,
            "column": 26
          }
        },
        "loc": {
          "start": {
            "line": 42,
            "column": 31
          },
          "end": {
            "line": 42,
            "column": 56
          }
        },
        "line": 42
      }
    },
    "branchMap": {
      "0": {
        "loc": {
          "start": {
            "line": 23,
            "column": 7
          },
          "end": {
            "line": 44,
            "column": 7
          }
        },
        "type": "cond-expr",
        "locations": [
          {
            "start": {
              "line": 24,
              "column": 8
            },
            "end": {
              "line": 24,
              "column": 51
            }
          },
          {
            "start": {
              "line": 25,
              "column": 10
            },
            "end": {
              "line": 44,
              "column": 7
            }
          }
        ],
        "line": 23
      },
      "1": {
        "loc": {
          "start": {
            "line": 25,
            "column": 10
          },
          "end": {
            "line": 44,
            "column": 7
          }
        },
        "type": "cond-expr",
        "locations": [
          {
            "start": {
              "line": 26,
              "column": 8
            },
            "end": {
              "line": 30,
              "column": 10
            }
          },
          {
            "start": {
              "line": 31,
              "column": 10
            },
            "end": {
              "line": 44,
              "column": 7
            }
          }
        ],
        "line": 25
      },
      "2": {
        "loc": {
          "start": {
            "line": 31,
            "column": 10
          },
          "end": {
            "line": 44,
            "column": 7
          }
        },
        "type": "cond-expr",
        "locations": [
          {
            "start": {
              "line": 32,
              "column": 8
            },
            "end": {
              "line": 34,
              "column": 10
            }
          },
          {
            "start": {
              "line": 35,
              "column": 10
            },
            "end": {
              "line": 44,
              "column": 7
            }
          }
        ],
        "line": 31
      },
      "3": {
        "loc": {
          "start": {
            "line": 35,
            "column": 10
          },
          "end": {
            "line": 44,
            "column": 7
          }
        },
        "type": "cond-expr",
        "locations": [
          {
            "start": {
              "line": 36,
              "column": 8
            },
            "end": {
              "line": 37,
              "column": 58
            }
          },
          {
            "start": {
              "line": 39,
              "column": 8
            },
            "end": {
              "line": 43,
              "column": 10
            }
          }
        ],
        "line": 35
      }
    },
    "s": {
      "0": 580,
      "1": 580,
      "2": 580,
      "3": 580,
      "4": 76,
      "5": 580,
      "6": 2,
      "7": 2
    },
    "f": {
      "0": 580,
      "1": 76,
      "2": 2,
      "3": 2
    },
    "b": {
      "0": [
        302,
        278
      ],
      "1": [
        128,
        150
      ],
      "2": [
        4,
        146
      ],
      "3": [
        22,
        124
      ]
    },
    "_coverageSchema": "1a1c01bbd47fc00a2c39e90264f33305004495a9",
    "hash": "d24b91c42ba07f7cfc28b30c49ef88002aa2cd59"
  },
  "/home/adithya/finalProject/client/src/index.js": {
    "path": "/home/adithya/finalProject/client/src/index.js",
    "statementMap": {
      "0": {
        "start": {
          "line": 5,
          "column": 13
        },
        "end": {
          "line": 5,
          "column": 65
        }
      },
      "1": {
        "start": {
          "line": 6,
          "column": 0
        },
        "end": {
          "line": 10,
          "column": 2
        }
      }
    },
    "fnMap": {},
    "branchMap": {},
    "s": {
      "0": 147,
      "1": 147
    },
    "f": {},
    "b": {},
    "_coverageSchema": "1a1c01bbd47fc00a2c39e90264f33305004495a9",
    "hash": "2e47fd9c244478c86af0c598c01afab411cec1f5"
  }
}