<?xml version="1.0" encoding="UTF-8"?>
<coverage generated="1707259299326" clover="3.2.0">
  <project timestamp="1707259299326" name="All files">
    <metrics statements="912" coveredstatements="750" conditionals="294" coveredconditionals="190" methods="259" coveredmethods="197" elements="1465" coveredelements="1137" complexity="0" loc="912" ncloc="912" packages="2" files="21" classes="21"/>
    <package name="src">
      <metrics statements="10" coveredstatements="10" conditionals="8" coveredconditionals="8" methods="4" coveredmethods="4"/>
      <file name="App.js" path="/home/adithya/finalProject/client/src/App.js">
        <metrics statements="8" coveredstatements="8" conditionals="8" coveredconditionals="8" methods="4" coveredmethods="4"/>
        <line num="12" count="580" type="stmt"/>
        <line num="14" count="580" type="stmt"/>
        <line num="15" count="580" type="stmt"/>
        <line num="17" count="580" type="stmt"/>
        <line num="18" count="76" type="stmt"/>
        <line num="21" count="580" type="stmt"/>
        <line num="37" count="2" type="stmt"/>
        <line num="42" count="2" type="stmt"/>
      </file>
      <file name="index.js" path="/home/adithya/finalProject/client/src/index.js">
        <metrics statements="2" coveredstatements="2" conditionals="0" coveredconditionals="0" methods="0" coveredmethods="0"/>
        <line num="5" count="147" type="stmt"/>
        <line num="6" count="147" type="stmt"/>
      </file>
    </package>
    <package name="src.components">
      <metrics statements="902" coveredstatements="740" conditionals="286" coveredconditionals="182" methods="255" coveredmethods="193"/>
      <file name="Answer.js" path="/home/adithya/finalProject/client/src/components/Answer.js">
        <metrics statements="244" coveredstatements="201" conditionals="74" coveredconditionals="46" methods="67" coveredmethods="48"/>
        <line num="12" count="698" type="stmt"/>
        <line num="16" count="698" type="stmt"/>
        <line num="23" count="698" type="stmt"/>
        <line num="24" count="698" type="stmt"/>
        <line num="26" count="698" type="stmt"/>
        <line num="27" count="698" type="stmt"/>
        <line num="28" count="698" type="stmt"/>
        <line num="29" count="698" type="stmt"/>
        <line num="30" count="698" type="stmt"/>
        <line num="31" count="698" type="stmt"/>
        <line num="32" count="698" type="stmt"/>
        <line num="33" count="698" type="stmt"/>
        <line num="34" count="698" type="stmt"/>
        <line num="37" count="698" type="stmt"/>
        <line num="38" count="50" type="stmt"/>
        <line num="39" count="50" type="stmt"/>
        <line num="40" count="50" type="stmt"/>
        <line num="42" count="50" type="stmt"/>
        <line num="46" count="1050" type="stmt"/>
        <line num="50" count="450" type="stmt"/>
        <line num="62" count="0" type="stmt"/>
        <line num="66" count="698" type="stmt"/>
        <line num="67" count="50" type="stmt"/>
        <line num="68" count="50" type="stmt"/>
        <line num="69" count="50" type="stmt"/>
        <line num="72" count="50" type="stmt"/>
        <line num="73" count="50" type="stmt"/>
        <line num="74" count="50" type="stmt"/>
        <line num="75" count="50" type="stmt"/>
        <line num="76" count="50" type="stmt"/>
        <line num="77" count="50" type="stmt"/>
        <line num="78" count="50" type="stmt"/>
        <line num="80" count="50" type="stmt"/>
        <line num="81" count="0" type="cond" truecount="0" falsecount="2"/>
        <line num="82" count="0" type="stmt"/>
        <line num="84" count="0" type="stmt"/>
        <line num="88" count="75" type="stmt"/>
        <line num="99" count="5" type="stmt"/>
        <line num="100" count="5" type="stmt"/>
        <line num="101" count="5" type="stmt"/>
        <line num="104" count="698" type="stmt"/>
        <line num="105" count="1" type="stmt"/>
        <line num="106" count="1" type="stmt"/>
        <line num="108" count="1" type="stmt"/>
        <line num="109" count="1" type="stmt"/>
        <line num="110" count="1" type="stmt"/>
        <line num="113" count="1" type="stmt"/>
        <line num="117" count="1" type="stmt"/>
        <line num="120" count="1" type="stmt"/>
        <line num="124" count="0" type="stmt"/>
        <line num="133" count="698" type="stmt"/>
        <line num="134" count="3" type="stmt"/>
        <line num="136" count="3" type="stmt"/>
        <line num="137" count="3" type="stmt"/>
        <line num="141" count="3" type="stmt"/>
        <line num="149" count="3" type="stmt"/>
        <line num="153" count="3" type="stmt"/>
        <line num="154" count="3" type="cond" truecount="1" falsecount="1"/>
        <line num="155" count="12" type="stmt"/>
        <line num="159" count="3" type="cond" truecount="1" falsecount="1"/>
        <line num="161" count="3" type="stmt"/>
        <line num="164" count="3" type="stmt"/>
        <line num="165" count="3" type="stmt"/>
        <line num="166" count="3" type="stmt"/>
        <line num="168" count="3" type="cond" truecount="1" falsecount="1"/>
        <line num="171" count="0" type="stmt"/>
        <line num="173" count="0" type="stmt"/>
        <line num="174" count="0" type="stmt"/>
        <line num="175" count="0" type="stmt"/>
        <line num="184" count="0" type="stmt"/>
        <line num="190" count="698" type="stmt"/>
        <line num="191" count="1" type="stmt"/>
        <line num="193" count="1" type="stmt"/>
        <line num="194" count="1" type="stmt"/>
        <line num="198" count="1" type="stmt"/>
        <line num="206" count="1" type="stmt"/>
        <line num="210" count="1" type="stmt"/>
        <line num="211" count="1" type="cond" truecount="1" falsecount="1"/>
        <line num="212" count="4" type="stmt"/>
        <line num="216" count="1" type="cond" truecount="1" falsecount="1"/>
        <line num="218" count="1" type="stmt"/>
        <line num="221" count="1" type="stmt"/>
        <line num="222" count="1" type="stmt"/>
        <line num="223" count="1" type="stmt"/>
        <line num="225" count="1" type="cond" truecount="1" falsecount="1"/>
        <line num="228" count="0" type="stmt"/>
        <line num="230" count="0" type="stmt"/>
        <line num="231" count="0" type="stmt"/>
        <line num="232" count="0" type="stmt"/>
        <line num="241" count="0" type="stmt"/>
        <line num="246" count="698" type="stmt"/>
        <line num="247" count="5" type="stmt"/>
        <line num="250" count="5" type="stmt"/>
        <line num="254" count="5" type="stmt"/>
        <line num="262" count="5" type="stmt"/>
        <line num="266" count="5" type="stmt"/>
        <line num="267" count="5" type="cond" truecount="1" falsecount="1"/>
        <line num="268" count="9" type="stmt"/>
        <line num="274" count="5" type="stmt"/>
        <line num="277" count="5" type="stmt"/>
        <line num="278" count="5" type="stmt"/>
        <line num="279" count="5" type="stmt"/>
        <line num="285" count="0" type="stmt"/>
        <line num="289" count="698" type="stmt"/>
        <line num="290" count="486" type="stmt"/>
        <line num="292" count="992" type="stmt"/>
        <line num="293" count="486" type="cond" truecount="1" falsecount="1"/>
        <line num="294" count="486" type="stmt"/>
        <line num="298" count="5" type="stmt"/>
        <line num="309" count="0" type="stmt"/>
        <line num="312" count="698" type="stmt"/>
        <line num="313" count="8" type="stmt"/>
        <line num="314" count="8" type="stmt"/>
        <line num="317" count="698" type="stmt"/>
        <line num="318" count="0" type="stmt"/>
        <line num="321" count="698" type="stmt"/>
        <line num="322" count="0" type="stmt"/>
        <line num="323" count="0" type="stmt"/>
        <line num="324" count="0" type="stmt"/>
        <line num="331" count="1740" type="stmt"/>
        <line num="334" count="1740" type="stmt"/>
        <line num="335" count="0" type="stmt"/>
        <line num="339" count="1740" type="stmt"/>
        <line num="344" count="698" type="stmt"/>
        <line num="345" count="698" type="stmt"/>
        <line num="346" count="698" type="stmt"/>
        <line num="347" count="698" type="stmt"/>
        <line num="351" count="698" type="stmt"/>
        <line num="352" count="4444" type="stmt"/>
        <line num="353" count="60" type="stmt"/>
        <line num="354" count="754" type="stmt"/>
        <line num="357" count="2892" type="stmt"/>
        <line num="359" count="698" type="stmt"/>
        <line num="360" count="698" type="stmt"/>
        <line num="361" count="698" type="stmt"/>
        <line num="365" count="5974" type="stmt"/>
        <line num="366" count="698" type="stmt"/>
        <line num="367" count="698" type="stmt"/>
        <line num="368" count="698" type="stmt"/>
        <line num="369" count="698" type="stmt"/>
        <line num="370" count="698" type="stmt"/>
        <line num="371" count="698" type="stmt"/>
        <line num="372" count="698" type="cond" truecount="2" falsecount="0"/>
        <line num="384" count="698" type="stmt"/>
        <line num="385" count="3" type="stmt"/>
        <line num="387" count="3" type="cond" truecount="1" falsecount="1"/>
        <line num="388" count="0" type="stmt"/>
        <line num="389" count="0" type="stmt"/>
        <line num="393" count="3" type="stmt"/>
        <line num="400" count="1" type="stmt"/>
        <line num="401" count="1" type="cond" truecount="1" falsecount="1"/>
        <line num="404" count="1" type="stmt"/>
        <line num="405" count="1" type="stmt"/>
        <line num="406" count="1" type="stmt"/>
        <line num="409" count="1" type="stmt"/>
        <line num="414" count="8" type="stmt"/>
        <line num="417" count="1" type="cond" truecount="1" falsecount="1"/>
        <line num="418" count="1" type="stmt"/>
        <line num="422" count="1" type="stmt"/>
        <line num="423" count="1" type="stmt"/>
        <line num="425" count="1" type="stmt"/>
        <line num="428" count="1" type="stmt"/>
        <line num="429" count="1" type="stmt"/>
        <line num="433" count="2" type="stmt"/>
        <line num="434" count="2" type="stmt"/>
        <line num="443" count="1740" type="stmt"/>
        <line num="444" count="1740" type="stmt"/>
        <line num="445" count="1740" type="stmt"/>
        <line num="447" count="1740" type="cond" truecount="2" falsecount="0"/>
        <line num="448" count="8" type="stmt"/>
        <line num="449" count="1732" type="cond" truecount="1" falsecount="1"/>
        <line num="450" count="0" type="stmt"/>
        <line num="451" count="0" type="cond" truecount="0" falsecount="2"/>
        <line num="452" count="1732" type="cond" truecount="1" falsecount="1"/>
        <line num="453" count="0" type="stmt"/>
        <line num="454" count="0" type="cond" truecount="0" falsecount="2"/>
        <line num="455" count="1732" type="cond" truecount="1" falsecount="1"/>
        <line num="457" count="0" type="stmt"/>
        <line num="458" count="0" type="stmt"/>
        <line num="459" count="0" type="stmt"/>
        <line num="460" count="1732" type="cond" truecount="1" falsecount="1"/>
        <line num="462" count="0" type="stmt"/>
        <line num="463" count="0" type="stmt"/>
        <line num="464" count="0" type="stmt"/>
        <line num="465" count="0" type="stmt"/>
        <line num="466" count="0" type="stmt"/>
        <line num="469" count="1732" type="stmt"/>
        <line num="470" count="1732" type="stmt"/>
        <line num="471" count="1732" type="stmt"/>
        <line num="472" count="1732" type="stmt"/>
        <line num="473" count="1732" type="stmt"/>
        <line num="474" count="1732" type="stmt"/>
        <line num="478" count="698" type="stmt"/>
        <line num="480" count="2" type="stmt"/>
        <line num="482" count="2" type="stmt"/>
        <line num="492" count="2" type="stmt"/>
        <line num="494" count="2" type="cond" truecount="1" falsecount="1"/>
        <line num="495" count="2" type="stmt"/>
        <line num="496" count="2" type="stmt"/>
        <line num="497" count="2" type="stmt"/>
        <line num="498" count="2" type="stmt"/>
        <line num="499" count="2" type="stmt"/>
        <line num="506" count="2" type="stmt"/>
        <line num="508" count="2" type="stmt"/>
        <line num="510" count="2" type="stmt"/>
        <line num="513" count="2" type="stmt"/>
        <line num="515" count="2" type="stmt"/>
        <line num="519" count="0" type="stmt"/>
        <line num="521" count="2" type="stmt"/>
        <line num="522" count="2" type="stmt"/>
        <line num="524" count="2" type="cond" truecount="1" falsecount="1"/>
        <line num="525" count="0" type="stmt"/>
        <line num="526" count="0" type="stmt"/>
        <line num="541" count="2" type="stmt"/>
        <line num="543" count="2" type="stmt"/>
        <line num="545" count="2" type="stmt"/>
        <line num="547" count="2" type="stmt"/>
        <line num="553" count="698" type="stmt"/>
        <line num="556" count="698" type="stmt"/>
        <line num="557" count="698" type="stmt"/>
        <line num="566" count="14" type="stmt"/>
        <line num="574" count="0" type="stmt"/>
        <line num="602" count="0" type="stmt"/>
        <line num="605" count="0" type="stmt"/>
        <line num="619" count="588" type="stmt"/>
        <line num="620" count="588" type="cond" truecount="2" falsecount="0"/>
        <line num="622" count="2" type="stmt"/>
        <line num="625" count="588" type="stmt"/>
        <line num="626" count="588" type="stmt"/>
        <line num="627" count="588" type="stmt"/>
        <line num="628" count="486" type="stmt"/>
        <line num="629" count="588" type="stmt"/>
        <line num="630" count="588" type="stmt"/>
        <line num="640" count="3" type="stmt"/>
        <line num="641" count="1" type="stmt"/>
        <line num="642" count="1" type="cond" truecount="2" falsecount="0"/>
        <line num="649" count="8" type="stmt"/>
        <line num="655" count="448" type="stmt"/>
        <line num="671" count="207" type="stmt"/>
        <line num="673" count="3" type="cond" truecount="2" falsecount="0"/>
        <line num="683" count="0" type="stmt"/>
        <line num="693" count="1" type="stmt"/>
        <line num="694" count="2" type="stmt"/>
        <line num="702" count="2" type="cond" truecount="2" falsecount="0"/>
      </file>
      <file name="Answer_user_comp.js" path="/home/adithya/finalProject/client/src/components/Answer_user_comp.js">
        <metrics statements="56" coveredstatements="52" conditionals="4" coveredconditionals="3" methods="13" coveredmethods="10"/>
        <line num="7" count="102" type="stmt"/>
        <line num="8" count="102" type="stmt"/>
        <line num="9" count="102" type="stmt"/>
        <line num="10" count="102" type="stmt"/>
        <line num="11" count="102" type="stmt"/>
        <line num="12" count="102" type="stmt"/>
        <line num="13" count="102" type="stmt"/>
        <line num="17" count="102" type="stmt"/>
        <line num="20" count="18" type="stmt"/>
        <line num="21" count="18" type="stmt"/>
        <line num="22" count="18" type="stmt"/>
        <line num="23" count="18" type="stmt"/>
        <line num="24" count="18" type="stmt"/>
        <line num="25" count="18" type="stmt"/>
        <line num="27" count="0" type="stmt"/>
        <line num="31" count="18" type="stmt"/>
        <line num="34" count="102" type="stmt"/>
        <line num="35" count="4" type="stmt"/>
        <line num="36" count="4" type="stmt"/>
        <line num="37" count="4" type="stmt"/>
        <line num="40" count="4" type="stmt"/>
        <line num="43" count="4" type="stmt"/>
        <line num="46" count="4" type="stmt"/>
        <line num="47" count="4" type="stmt"/>
        <line num="48" count="4" type="stmt"/>
        <line num="49" count="4" type="stmt"/>
        <line num="50" count="4" type="stmt"/>
        <line num="51" count="4" type="stmt"/>
        <line num="54" count="102" type="stmt"/>
        <line num="55" count="7" type="stmt"/>
        <line num="56" count="7" type="stmt"/>
        <line num="57" count="7" type="stmt"/>
        <line num="58" count="7" type="stmt"/>
        <line num="59" count="7" type="stmt"/>
        <line num="60" count="7" type="stmt"/>
        <line num="63" count="102" type="stmt"/>
        <line num="64" count="1" type="cond" truecount="1" falsecount="1"/>
        <line num="65" count="1" type="stmt"/>
        <line num="66" count="1" type="stmt"/>
        <line num="67" count="1" type="stmt"/>
        <line num="68" count="1" type="stmt"/>
        <line num="69" count="1" type="stmt"/>
        <line num="70" count="1" type="stmt"/>
        <line num="71" count="1" type="stmt"/>
        <line num="72" count="1" type="stmt"/>
        <line num="74" count="1" type="stmt"/>
        <line num="78" count="1" type="stmt"/>
        <line num="79" count="1" type="stmt"/>
        <line num="80" count="1" type="stmt"/>
        <line num="84" count="102" type="stmt"/>
        <line num="93" count="0" type="stmt"/>
        <line num="99" count="11" type="stmt"/>
        <line num="102" count="0" type="stmt"/>
        <line num="103" count="4" type="stmt"/>
        <line num="112" count="0" type="stmt"/>
        <line num="114" count="40" type="stmt"/>
      </file>
      <file name="NewQuestion.js" path="/home/adithya/finalProject/client/src/components/NewQuestion.js">
        <metrics statements="44" coveredstatements="37" conditionals="10" coveredconditionals="7" methods="8" coveredmethods="8"/>
        <line num="6" count="1008" type="stmt"/>
        <line num="7" count="1008" type="stmt"/>
        <line num="8" count="1008" type="stmt"/>
        <line num="9" count="1008" type="stmt"/>
        <line num="10" count="1008" type="stmt"/>
        <line num="15" count="9" type="stmt"/>
        <line num="16" count="9" type="stmt"/>
        <line num="17" count="9" type="stmt"/>
        <line num="20" count="1008" type="stmt"/>
        <line num="21" count="9" type="stmt"/>
        <line num="23" count="23" type="stmt"/>
        <line num="25" count="9" type="cond" truecount="2" falsecount="0"/>
        <line num="26" count="5" type="stmt"/>
        <line num="27" count="5" type="stmt"/>
        <line num="30" count="4" type="stmt"/>
        <line num="32" count="4" type="stmt"/>
        <line num="33" count="4" type="stmt"/>
        <line num="38" count="11" type="stmt"/>
        <line num="40" count="3" type="cond" truecount="1" falsecount="1"/>
        <line num="42" count="0" type="stmt"/>
        <line num="43" count="0" type="stmt"/>
        <line num="47" count="3" type="cond" truecount="1" falsecount="1"/>
        <line num="48" count="3" type="stmt"/>
        <line num="49" count="3" type="stmt"/>
        <line num="50" count="3" type="stmt"/>
        <line num="51" count="3" type="stmt"/>
        <line num="53" count="3" type="stmt"/>
        <line num="54" count="3" type="stmt"/>
        <line num="55" count="3" type="stmt"/>
        <line num="56" count="3" type="stmt"/>
        <line num="57" count="3" type="stmt"/>
        <line num="61" count="3" type="cond" truecount="1" falsecount="1"/>
        <line num="64" count="0" type="stmt"/>
        <line num="65" count="0" type="stmt"/>
        <line num="66" count="0" type="stmt"/>
        <line num="67" count="0" type="stmt"/>
        <line num="68" count="0" type="stmt"/>
        <line num="73" count="3" type="stmt"/>
        <line num="78" count="1" type="stmt"/>
        <line num="79" count="1" type="stmt"/>
        <line num="83" count="1008" type="stmt"/>
        <line num="94" count="207" type="stmt"/>
        <line num="104" count="137" type="stmt"/>
        <line num="115" count="135" type="stmt"/>
      </file>
      <file name="UserMetricsFactory.js" path="/home/adithya/finalProject/client/src/components/UserMetricsFactory.js">
        <metrics statements="22" coveredstatements="21" conditionals="2" coveredconditionals="1" methods="3" coveredmethods="3"/>
        <line num="4" count="147" type="stmt"/>
        <line num="5" count="184" type="stmt"/>
        <line num="6" count="184" type="stmt"/>
        <line num="7" count="184" type="stmt"/>
        <line num="9" count="184" type="stmt"/>
        <line num="10" count="64" type="stmt"/>
        <line num="11" count="64" type="stmt"/>
        <line num="12" count="64" type="cond" truecount="1" falsecount="1"/>
        <line num="14" count="64" type="stmt"/>
        <line num="15" count="64" type="stmt"/>
        <line num="16" count="64" type="stmt"/>
        <line num="18" count="64" type="stmt"/>
        <line num="19" count="64" type="stmt"/>
        <line num="21" count="64" type="stmt"/>
        <line num="22" count="64" type="stmt"/>
        <line num="23" count="64" type="stmt"/>
        <line num="24" count="64" type="stmt"/>
        <line num="25" count="64" type="stmt"/>
        <line num="27" count="64" type="stmt"/>
        <line num="29" count="0" type="stmt"/>
        <line num="33" count="64" type="stmt"/>
        <line num="36" count="184" type="stmt"/>
      </file>
      <file name="UserProfile.js" path="/home/adithya/finalProject/client/src/components/UserProfile.js">
        <metrics statements="7" coveredstatements="7" conditionals="0" coveredconditionals="0" methods="5" coveredmethods="5"/>
        <line num="8" count="147" type="stmt"/>
        <line num="10" count="184" type="stmt"/>
        <line num="11" count="184" type="stmt"/>
        <line num="14" count="184" type="stmt"/>
        <line num="24" count="7" type="stmt"/>
        <line num="25" count="4" type="stmt"/>
        <line num="26" count="9" type="stmt"/>
      </file>
      <file name="ValidationFactory.js" path="/home/adithya/finalProject/client/src/components/ValidationFactory.js">
        <metrics statements="31" coveredstatements="26" conditionals="26" coveredconditionals="21" methods="5" coveredmethods="5"/>
        <line num="5" count="14" type="cond" truecount="2" falsecount="0"/>
        <line num="6" count="9" type="stmt"/>
        <line num="7" count="5" type="cond" truecount="1" falsecount="1"/>
        <line num="8" count="5" type="stmt"/>
        <line num="10" count="0" type="stmt"/>
        <line num="21" count="9" type="stmt"/>
        <line num="22" count="9" type="stmt"/>
        <line num="23" count="9" type="stmt"/>
        <line num="27" count="9" type="cond" truecount="2" falsecount="0"/>
        <line num="28" count="1" type="stmt"/>
        <line num="30" count="8" type="cond" truecount="2" falsecount="0"/>
        <line num="31" count="1" type="stmt"/>
        <line num="33" count="7" type="cond" truecount="2" falsecount="0"/>
        <line num="34" count="1" type="stmt"/>
        <line num="36" count="6" type="cond" truecount="2" falsecount="0"/>
        <line num="37" count="1" type="stmt"/>
        <line num="39" count="5" type="stmt"/>
        <line num="40" count="14" type="cond" truecount="2" falsecount="0"/>
        <line num="41" count="1" type="stmt"/>
        <line num="44" count="4" type="cond" truecount="3" falsecount="1"/>
        <line num="45" count="0" type="stmt"/>
        <line num="47" count="4" type="stmt"/>
        <line num="57" count="5" type="stmt"/>
        <line num="58" count="5" type="stmt"/>
        <line num="62" count="5" type="cond" truecount="1" falsecount="1"/>
        <line num="63" count="0" type="stmt"/>
        <line num="65" count="5" type="cond" truecount="1" falsecount="1"/>
        <line num="66" count="0" type="stmt"/>
        <line num="68" count="5" type="cond" truecount="3" falsecount="1"/>
        <line num="69" count="0" type="stmt"/>
        <line num="71" count="5" type="stmt"/>
      </file>
      <file name="Welcome.js" path="/home/adithya/finalProject/client/src/components/Welcome.js">
        <metrics statements="5" coveredstatements="5" conditionals="0" coveredconditionals="0" methods="4" coveredmethods="4"/>
        <line num="3" count="147" type="stmt"/>
        <line num="20" count="302" type="stmt"/>
        <line num="26" count="63" type="stmt"/>
        <line num="27" count="2" type="stmt"/>
        <line num="28" count="11" type="stmt"/>
      </file>
      <file name="banner.js" path="/home/adithya/finalProject/client/src/components/banner.js">
        <metrics statements="2" coveredstatements="2" conditionals="0" coveredconditionals="0" methods="2" coveredmethods="2"/>
        <line num="10" count="464" type="stmt"/>
        <line num="21" count="2" type="stmt"/>
      </file>
      <file name="banner_user.js" path="/home/adithya/finalProject/client/src/components/banner_user.js">
        <metrics statements="2" coveredstatements="1" conditionals="0" coveredconditionals="0" methods="2" coveredmethods="1"/>
        <line num="10" count="116" type="stmt"/>
        <line num="20" count="0" type="stmt"/>
      </file>
      <file name="fakestackoverflow.js" path="/home/adithya/finalProject/client/src/components/fakestackoverflow.js">
        <metrics statements="17" coveredstatements="17" conditionals="10" coveredconditionals="9" methods="2" coveredmethods="2"/>
        <line num="17" count="324" type="stmt"/>
        <line num="18" count="324" type="stmt"/>
        <line num="19" count="324" type="stmt"/>
        <line num="22" count="324" type="stmt"/>
        <line num="23" count="324" type="stmt"/>
        <line num="24" count="324" type="stmt"/>
        <line num="27" count="324" type="stmt"/>
        <line num="28" count="324" type="stmt"/>
        <line num="29" count="324" type="stmt"/>
        <line num="30" count="324" type="stmt"/>
        <line num="31" count="324" type="stmt"/>
        <line num="33" count="324" type="stmt"/>
        <line num="34" count="52" type="stmt"/>
        <line num="35" count="52" type="stmt"/>
        <line num="38" count="324" type="stmt"/>
        <line num="39" count="324" type="stmt"/>
        <line num="43" count="324" type="stmt"/>
      </file>
      <file name="header.js" path="/home/adithya/finalProject/client/src/components/header.js">
        <metrics statements="63" coveredstatements="57" conditionals="24" coveredconditionals="17" methods="19" coveredmethods="16"/>
        <line num="14" count="464" type="stmt"/>
        <line num="15" count="464" type="stmt"/>
        <line num="17" count="464" type="stmt"/>
        <line num="18" count="464" type="stmt"/>
        <line num="19" count="464" type="stmt"/>
        <line num="20" count="464" type="stmt"/>
        <line num="21" count="464" type="stmt"/>
        <line num="27" count="464" type="stmt"/>
        <line num="32" count="464" type="stmt"/>
        <line num="33" count="2" type="stmt"/>
        <line num="36" count="464" type="stmt"/>
        <line num="44" count="464" type="stmt"/>
        <line num="45" count="146" type="stmt"/>
        <line num="46" count="146" type="stmt"/>
        <line num="47" count="146" type="stmt"/>
        <line num="48" count="2774" type="stmt"/>
        <line num="50" count="146" type="stmt"/>
        <line num="56" count="0" type="stmt"/>
        <line num="60" count="464" type="stmt"/>
        <line num="63" count="146" type="stmt"/>
        <line num="65" count="464" type="stmt"/>
        <line num="66" count="146" type="stmt"/>
        <line num="67" count="702" type="cond" truecount="1" falsecount="1"/>
        <line num="68" count="0" type="stmt"/>
        <line num="69" count="0" type="stmt"/>
        <line num="72" count="146" type="stmt"/>
        <line num="73" count="146" type="stmt"/>
        <line num="74" count="109" type="stmt"/>
        <line num="79" count="464" type="stmt"/>
        <line num="84" count="6" type="cond" truecount="2" falsecount="0"/>
        <line num="85" count="3" type="stmt"/>
        <line num="89" count="3" type="stmt"/>
        <line num="91" count="3" type="stmt"/>
        <line num="93" count="6" type="stmt"/>
        <line num="94" count="6" type="stmt"/>
        <line num="98" count="6" type="stmt"/>
        <line num="102" count="464" type="stmt"/>
        <line num="103" count="3" type="stmt"/>
        <line num="104" count="3" type="stmt"/>
        <line num="108" count="464" type="stmt"/>
        <line num="109" count="2" type="stmt"/>
        <line num="110" count="2" type="stmt"/>
        <line num="111" count="2" type="stmt"/>
        <line num="115" count="464" type="stmt"/>
        <line num="116" count="0" type="stmt"/>
        <line num="119" count="464" type="stmt"/>
        <line num="120" count="4" type="stmt"/>
        <line num="122" count="4" type="cond" truecount="1" falsecount="1"/>
        <line num="123" count="4" type="stmt"/>
        <line num="128" count="464" type="stmt"/>
        <line num="129" count="25" type="stmt"/>
        <line num="134" count="25" type="stmt"/>
        <line num="139" count="72" type="stmt"/>
        <line num="141" count="25" type="stmt"/>
        <line num="142" count="25" type="stmt"/>
        <line num="143" count="25" type="stmt"/>
        <line num="146" count="25" type="stmt"/>
        <line num="149" count="464" type="stmt"/>
        <line num="150" count="464" type="stmt"/>
        <line num="163" count="36" type="stmt"/>
        <line num="173" count="9" type="stmt"/>
        <line num="189" count="0" type="stmt"/>
        <line num="194" count="0" type="stmt"/>
      </file>
      <file name="header_user.js" path="/home/adithya/finalProject/client/src/components/header_user.js">
        <metrics statements="96" coveredstatements="72" conditionals="26" coveredconditionals="12" methods="24" coveredmethods="13"/>
        <line num="16" count="116" type="stmt"/>
        <line num="17" count="116" type="stmt"/>
        <line num="18" count="116" type="stmt"/>
        <line num="19" count="116" type="stmt"/>
        <line num="20" count="116" type="stmt"/>
        <line num="21" count="116" type="stmt"/>
        <line num="22" count="116" type="stmt"/>
        <line num="23" count="116" type="stmt"/>
        <line num="24" count="116" type="stmt"/>
        <line num="25" count="116" type="stmt"/>
        <line num="26" count="116" type="stmt"/>
        <line num="31" count="116" type="stmt"/>
        <line num="32" count="14" type="stmt"/>
        <line num="33" count="14" type="stmt"/>
        <line num="36" count="14" type="stmt"/>
        <line num="37" count="14" type="stmt"/>
        <line num="38" count="14" type="stmt"/>
        <line num="40" count="14" type="stmt"/>
        <line num="41" count="14" type="stmt"/>
        <line num="42" count="14" type="stmt"/>
        <line num="43" count="14" type="stmt"/>
        <line num="44" count="14" type="stmt"/>
        <line num="45" count="14" type="stmt"/>
        <line num="47" count="0" type="stmt"/>
        <line num="50" count="14" type="cond" truecount="1" falsecount="1"/>
        <line num="51" count="14" type="stmt"/>
        <line num="56" count="116" type="stmt"/>
        <line num="57" count="116" type="stmt"/>
        <line num="58" count="0" type="stmt"/>
        <line num="61" count="116" type="stmt"/>
        <line num="67" count="116" type="stmt"/>
        <line num="68" count="14" type="stmt"/>
        <line num="69" count="14" type="stmt"/>
        <line num="70" count="14" type="stmt"/>
        <line num="71" count="14" type="stmt"/>
        <line num="72" count="266" type="stmt"/>
        <line num="74" count="14" type="stmt"/>
        <line num="80" count="0" type="stmt"/>
        <line num="83" count="14" type="stmt"/>
        <line num="86" count="116" type="stmt"/>
        <line num="87" count="14" type="stmt"/>
        <line num="88" count="22" type="cond" truecount="1" falsecount="1"/>
        <line num="89" count="0" type="stmt"/>
        <line num="90" count="0" type="stmt"/>
        <line num="93" count="14" type="stmt"/>
        <line num="94" count="14" type="stmt"/>
        <line num="95" count="7" type="stmt"/>
        <line num="100" count="116" type="stmt"/>
        <line num="104" count="0" type="cond" truecount="0" falsecount="2"/>
        <line num="105" count="0" type="stmt"/>
        <line num="109" count="0" type="stmt"/>
        <line num="111" count="0" type="stmt"/>
        <line num="116" count="0" type="stmt"/>
        <line num="120" count="116" type="stmt"/>
        <line num="121" count="0" type="stmt"/>
        <line num="122" count="0" type="stmt"/>
        <line num="126" count="116" type="stmt"/>
        <line num="127" count="0" type="stmt"/>
        <line num="128" count="0" type="stmt"/>
        <line num="129" count="0" type="stmt"/>
        <line num="133" count="116" type="stmt"/>
        <line num="134" count="0" type="stmt"/>
        <line num="137" count="116" type="stmt"/>
        <line num="138" count="0" type="stmt"/>
        <line num="140" count="0" type="cond" truecount="0" falsecount="2"/>
        <line num="141" count="0" type="stmt"/>
        <line num="146" count="116" type="stmt"/>
        <line num="148" count="7" type="stmt"/>
        <line num="149" count="7" type="stmt"/>
        <line num="150" count="63" type="cond" truecount="2" falsecount="0"/>
        <line num="151" count="5" type="stmt"/>
        <line num="152" count="5" type="stmt"/>
        <line num="153" count="5" type="stmt"/>
        <line num="154" count="5" type="stmt"/>
        <line num="155" count="5" type="stmt"/>
        <line num="157" count="63" type="stmt"/>
        <line num="158" count="63" type="stmt"/>
        <line num="159" count="63" type="stmt"/>
        <line num="162" count="18" type="stmt"/>
        <line num="163" count="18" type="stmt"/>
        <line num="164" count="18" type="stmt"/>
        <line num="166" count="45" type="stmt"/>
        <line num="171" count="116" type="stmt"/>
        <line num="172" count="2" type="stmt"/>
        <line num="173" count="2" type="stmt"/>
        <line num="175" count="2" type="stmt"/>
        <line num="178" count="2" type="stmt"/>
        <line num="179" count="2" type="stmt"/>
        <line num="182" count="116" type="stmt"/>
        <line num="195" count="0" type="stmt"/>
        <line num="205" count="0" type="stmt"/>
        <line num="220" count="0" type="stmt"/>
        <line num="233" count="0" type="stmt"/>
        <line num="239" count="22" type="stmt"/>
        <line num="242" count="0" type="stmt"/>
        <line num="243" count="2" type="stmt"/>
      </file>
      <file name="login.js" path="/home/adithya/finalProject/client/src/components/login.js">
        <metrics statements="20" coveredstatements="20" conditionals="0" coveredconditionals="0" methods="4" coveredmethods="4"/>
        <line num="4" count="147" type="stmt"/>
        <line num="5" count="1942" type="stmt"/>
        <line num="6" count="1942" type="stmt"/>
        <line num="7" count="1942" type="stmt"/>
        <line num="8" count="1942" type="stmt"/>
        <line num="10" count="63" type="stmt"/>
        <line num="11" count="63" type="stmt"/>
        <line num="12" count="63" type="stmt"/>
        <line num="14" count="63" type="stmt"/>
        <line num="16" count="63" type="stmt"/>
        <line num="25" count="62" type="stmt"/>
        <line num="32" count="62" type="stmt"/>
        <line num="35" count="62" type="stmt"/>
        <line num="36" count="62" type="stmt"/>
        <line num="37" count="62" type="stmt"/>
        <line num="44" count="1" type="stmt"/>
        <line num="46" count="1" type="stmt"/>
        <line num="53" count="1942" type="stmt"/>
        <line num="59" count="836" type="stmt"/>
        <line num="61" count="70" type="stmt"/>
      </file>
      <file name="navbar.js" path="/home/adithya/finalProject/client/src/components/navbar.js">
        <metrics statements="1" coveredstatements="1" conditionals="0" coveredconditionals="0" methods="1" coveredmethods="1"/>
        <line num="5" count="580" type="stmt"/>
      </file>
      <file name="question_comp_1.js" path="/home/adithya/finalProject/client/src/components/question_comp_1.js">
        <metrics statements="126" coveredstatements="110" conditionals="45" coveredconditionals="33" methods="42" coveredmethods="37"/>
        <line num="7" count="154" type="stmt"/>
        <line num="8" count="154" type="stmt"/>
        <line num="20" count="154" type="stmt"/>
        <line num="23" count="154" type="stmt"/>
        <line num="24" count="2950" type="stmt"/>
        <line num="27" count="154" type="stmt"/>
        <line num="36" count="0" type="stmt"/>
        <line num="40" count="154" type="stmt"/>
        <line num="41" count="25" type="stmt"/>
        <line num="45" count="2220" type="stmt"/>
        <line num="46" count="2220" type="stmt"/>
        <line num="47" count="2220" type="stmt"/>
        <line num="49" count="2220" type="cond" truecount="2" falsecount="0"/>
        <line num="50" count="12" type="stmt"/>
        <line num="51" count="2208" type="cond" truecount="1" falsecount="1"/>
        <line num="52" count="0" type="stmt"/>
        <line num="53" count="0" type="cond" truecount="0" falsecount="2"/>
        <line num="54" count="2208" type="cond" truecount="1" falsecount="1"/>
        <line num="55" count="0" type="stmt"/>
        <line num="56" count="0" type="cond" truecount="0" falsecount="2"/>
        <line num="57" count="2208" type="cond" truecount="1" falsecount="1"/>
        <line num="58" count="0" type="stmt"/>
        <line num="59" count="0" type="stmt"/>
        <line num="60" count="0" type="stmt"/>
        <line num="61" count="2208" type="cond" truecount="1" falsecount="1"/>
        <line num="62" count="0" type="stmt"/>
        <line num="63" count="0" type="stmt"/>
        <line num="64" count="0" type="stmt"/>
        <line num="65" count="0" type="stmt"/>
        <line num="66" count="0" type="stmt"/>
        <line num="68" count="2208" type="stmt"/>
        <line num="69" count="2208" type="stmt"/>
        <line num="70" count="2208" type="stmt"/>
        <line num="71" count="2208" type="stmt"/>
        <line num="72" count="2208" type="stmt"/>
        <line num="73" count="2208" type="stmt"/>
        <line num="77" count="154" type="stmt"/>
        <line num="78" count="20" type="stmt"/>
        <line num="83" count="154" type="stmt"/>
        <line num="84" count="4" type="stmt"/>
        <line num="89" count="154" type="stmt"/>
        <line num="90" count="5" type="stmt"/>
        <line num="92" count="5" type="stmt"/>
        <line num="93" count="5" type="stmt"/>
        <line num="97" count="5" type="stmt"/>
        <line num="105" count="5" type="stmt"/>
        <line num="109" count="5" type="stmt"/>
        <line num="110" count="5" type="cond" truecount="1" falsecount="1"/>
        <line num="111" count="15" type="stmt"/>
        <line num="117" count="5" type="stmt"/>
        <line num="118" count="5" type="stmt"/>
        <line num="120" count="5" type="stmt"/>
        <line num="126" count="0" type="stmt"/>
        <line num="131" count="154" type="stmt"/>
        <line num="132" count="5" type="stmt"/>
        <line num="134" count="5" type="stmt"/>
        <line num="135" count="5" type="stmt"/>
        <line num="139" count="5" type="stmt"/>
        <line num="147" count="5" type="stmt"/>
        <line num="151" count="5" type="stmt"/>
        <line num="152" count="5" type="cond" truecount="2" falsecount="0"/>
        <line num="153" count="10" type="stmt"/>
        <line num="159" count="4" type="stmt"/>
        <line num="162" count="4" type="stmt"/>
        <line num="168" count="0" type="stmt"/>
        <line num="175" count="606" type="stmt"/>
        <line num="176" count="606" type="stmt"/>
        <line num="177" count="606" type="stmt"/>
        <line num="179" count="606" type="stmt"/>
        <line num="180" count="606" type="stmt"/>
        <line num="181" count="606" type="stmt"/>
        <line num="183" count="606" type="stmt"/>
        <line num="185" count="606" type="stmt"/>
        <line num="186" count="4080" type="stmt"/>
        <line num="187" count="26616" type="stmt"/>
        <line num="188" count="10432" type="cond" truecount="4" falsecount="0"/>
        <line num="189" count="2284" type="stmt"/>
        <line num="190" count="2284" type="stmt"/>
        <line num="200" count="3628" type="stmt"/>
        <line num="202" count="606" type="cond" truecount="1" falsecount="1"/>
        <line num="203" count="0" type="stmt"/>
        <line num="205" count="606" type="cond" truecount="2" falsecount="0"/>
        <line num="206" count="16" type="stmt"/>
        <line num="207" count="2" type="stmt"/>
        <line num="208" count="2" type="stmt"/>
        <line num="210" count="2" type="stmt"/>
        <line num="211" count="2" type="stmt"/>
        <line num="212" count="18" type="stmt"/>
        <line num="213" count="18" type="stmt"/>
        <line num="214" count="162" type="stmt"/>
        <line num="215" count="34" type="stmt"/>
        <line num="216" count="34" type="cond" truecount="5" falsecount="0"/>
        <line num="217" count="14" type="stmt"/>
        <line num="220" count="18" type="cond" truecount="2" falsecount="0"/>
        <line num="221" count="14" type="stmt"/>
        <line num="224" count="2" type="stmt"/>
        <line num="225" count="2" type="stmt"/>
        <line num="226" count="30" type="stmt"/>
        <line num="227" count="30" type="stmt"/>
        <line num="228" count="30" type="stmt"/>
        <line num="230" count="2" type="stmt"/>
        <line num="231" count="14" type="stmt"/>
        <line num="232" count="2" type="stmt"/>
        <line num="233" count="2" type="stmt"/>
        <line num="237" count="606" type="cond" truecount="2" falsecount="0"/>
        <line num="238" count="4" type="stmt"/>
        <line num="239" count="36" type="stmt"/>
        <line num="240" count="4" type="stmt"/>
        <line num="243" count="606" type="stmt"/>
        <line num="244" count="606" type="stmt"/>
        <line num="245" count="606" type="stmt"/>
        <line num="246" count="606" type="stmt"/>
        <line num="270" count="606" type="cond" truecount="2" falsecount="0"/>
        <line num="271" count="4" type="stmt"/>
        <line num="272" count="4" type="stmt"/>
        <line num="273" count="20" type="stmt"/>
        <line num="274" count="20" type="stmt"/>
        <line num="275" count="20" type="cond" truecount="2" falsecount="0"/>
        <line num="277" count="4" type="stmt"/>
        <line num="281" count="606" type="stmt"/>
        <line num="286" count="12" type="stmt"/>
        <line num="305" count="60" type="stmt"/>
        <line num="320" count="2208" type="stmt"/>
        <line num="336" count="11160" type="stmt"/>
        <line num="338" count="5" type="stmt"/>
        <line num="341" count="5" type="stmt"/>
      </file>
      <file name="question_user_comp.js" path="/home/adithya/finalProject/client/src/components/question_user_comp.js">
        <metrics statements="95" coveredstatements="48" conditionals="39" coveredconditionals="15" methods="30" coveredmethods="12"/>
        <line num="7" count="22" type="stmt"/>
        <line num="8" count="22" type="stmt"/>
        <line num="9" count="22" type="stmt"/>
        <line num="22" count="22" type="stmt"/>
        <line num="23" count="22" type="stmt"/>
        <line num="25" count="22" type="stmt"/>
        <line num="27" count="22" type="stmt"/>
        <line num="30" count="22" type="stmt"/>
        <line num="31" count="58" type="stmt"/>
        <line num="34" count="22" type="stmt"/>
        <line num="43" count="0" type="stmt"/>
        <line num="47" count="22" type="stmt"/>
        <line num="48" count="5" type="stmt"/>
        <line num="52" count="166" type="stmt"/>
        <line num="53" count="166" type="stmt"/>
        <line num="54" count="166" type="stmt"/>
        <line num="56" count="166" type="cond" truecount="1" falsecount="1"/>
        <line num="57" count="0" type="stmt"/>
        <line num="58" count="166" type="cond" truecount="1" falsecount="1"/>
        <line num="59" count="0" type="stmt"/>
        <line num="60" count="0" type="cond" truecount="0" falsecount="2"/>
        <line num="61" count="166" type="cond" truecount="1" falsecount="1"/>
        <line num="62" count="0" type="stmt"/>
        <line num="63" count="0" type="cond" truecount="0" falsecount="2"/>
        <line num="64" count="166" type="cond" truecount="1" falsecount="1"/>
        <line num="65" count="0" type="stmt"/>
        <line num="66" count="0" type="stmt"/>
        <line num="67" count="0" type="stmt"/>
        <line num="68" count="166" type="cond" truecount="1" falsecount="1"/>
        <line num="69" count="0" type="stmt"/>
        <line num="70" count="0" type="stmt"/>
        <line num="71" count="0" type="stmt"/>
        <line num="72" count="0" type="stmt"/>
        <line num="73" count="0" type="stmt"/>
        <line num="75" count="166" type="stmt"/>
        <line num="76" count="166" type="stmt"/>
        <line num="77" count="166" type="stmt"/>
        <line num="78" count="166" type="stmt"/>
        <line num="79" count="166" type="stmt"/>
        <line num="80" count="166" type="stmt"/>
        <line num="83" count="22" type="stmt"/>
        <line num="84" count="0" type="stmt"/>
        <line num="89" count="22" type="stmt"/>
        <line num="90" count="0" type="stmt"/>
        <line num="95" count="82" type="stmt"/>
        <line num="96" count="82" type="stmt"/>
        <line num="97" count="82" type="stmt"/>
        <line num="99" count="82" type="stmt"/>
        <line num="100" count="82" type="stmt"/>
        <line num="101" count="82" type="stmt"/>
        <line num="103" count="82" type="stmt"/>
        <line num="104" count="166" type="stmt"/>
        <line num="105" count="440" type="stmt"/>
        <line num="106" count="440" type="cond" truecount="1" falsecount="1"/>
        <line num="107" count="0" type="stmt"/>
        <line num="124" count="108" type="stmt"/>
        <line num="126" count="82" type="cond" truecount="1" falsecount="1"/>
        <line num="128" count="0" type="stmt"/>
        <line num="130" count="82" type="cond" truecount="1" falsecount="1"/>
        <line num="131" count="0" type="stmt"/>
        <line num="132" count="0" type="stmt"/>
        <line num="133" count="0" type="stmt"/>
        <line num="134" count="0" type="stmt"/>
        <line num="135" count="0" type="stmt"/>
        <line num="136" count="0" type="stmt"/>
        <line num="137" count="0" type="cond" truecount="0" falsecount="5"/>
        <line num="138" count="0" type="stmt"/>
        <line num="140" count="0" type="cond" truecount="0" falsecount="2"/>
        <line num="141" count="0" type="stmt"/>
        <line num="144" count="0" type="stmt"/>
        <line num="145" count="0" type="stmt"/>
        <line num="148" count="0" type="stmt"/>
        <line num="149" count="0" type="stmt"/>
        <line num="150" count="0" type="stmt"/>
        <line num="152" count="0" type="stmt"/>
        <line num="153" count="0" type="stmt"/>
        <line num="154" count="0" type="stmt"/>
        <line num="157" count="82" type="cond" truecount="1" falsecount="1"/>
        <line num="159" count="0" type="stmt"/>
        <line num="160" count="0" type="stmt"/>
        <line num="161" count="0" type="stmt"/>
        <line num="165" count="82" type="stmt"/>
        <line num="166" count="82" type="stmt"/>
        <line num="167" count="82" type="stmt"/>
        <line num="175" count="82" type="cond" truecount="1" falsecount="1"/>
        <line num="176" count="0" type="stmt"/>
        <line num="177" count="0" type="stmt"/>
        <line num="178" count="0" type="stmt"/>
        <line num="179" count="0" type="stmt"/>
        <line num="180" count="0" type="cond" truecount="0" falsecount="2"/>
        <line num="182" count="0" type="stmt"/>
        <line num="216" count="82" type="stmt"/>
        <line num="221" count="0" type="stmt"/>
        <line num="250" count="166" type="stmt"/>
        <line num="265" count="0" type="stmt"/>
      </file>
      <file name="register.js" path="/home/adithya/finalProject/client/src/components/register.js">
        <metrics statements="26" coveredstatements="24" conditionals="6" coveredconditionals="3" methods="6" coveredmethods="6"/>
        <line num="4" count="147" type="stmt"/>
        <line num="5" count="236" type="stmt"/>
        <line num="6" count="236" type="stmt"/>
        <line num="7" count="236" type="stmt"/>
        <line num="8" count="236" type="stmt"/>
        <line num="9" count="236" type="stmt"/>
        <line num="10" count="236" type="stmt"/>
        <line num="11" count="2" type="stmt"/>
        <line num="13" count="2" type="stmt"/>
        <line num="16" count="2" type="stmt"/>
        <line num="24" count="1" type="stmt"/>
        <line num="25" count="1" type="stmt"/>
        <line num="29" count="1" type="stmt"/>
        <line num="31" count="1" type="stmt"/>
        <line num="32" count="1" type="cond" truecount="1" falsecount="1"/>
        <line num="33" count="0" type="stmt"/>
        <line num="35" count="1" type="cond" truecount="1" falsecount="1"/>
        <line num="36" count="0" type="stmt"/>
        <line num="38" count="1" type="cond" truecount="1" falsecount="1"/>
        <line num="39" count="1" type="stmt"/>
        <line num="41" count="1" type="stmt"/>
        <line num="46" count="236" type="stmt"/>
        <line num="53" count="15" type="stmt"/>
        <line num="65" count="34" type="stmt"/>
        <line num="77" count="33" type="stmt"/>
        <line num="88" count="33" type="stmt"/>
      </file>
      <file name="sidebar.js" path="/home/adithya/finalProject/client/src/components/sidebar.js">
        <metrics statements="14" coveredstatements="13" conditionals="6" coveredconditionals="6" methods="5" coveredmethods="4"/>
        <line num="5" count="332" type="stmt"/>
        <line num="7" count="332" type="stmt"/>
        <line num="8" count="146" type="cond" truecount="4" falsecount="0"/>
        <line num="9" count="22" type="stmt"/>
        <line num="11" count="124" type="stmt"/>
        <line num="17" count="332" type="stmt"/>
        <line num="18" count="0" type="stmt"/>
        <line num="21" count="332" type="stmt"/>
        <line num="22" count="1" type="stmt"/>
        <line num="23" count="1" type="stmt"/>
        <line num="24" count="1" type="stmt"/>
        <line num="25" count="1" type="stmt"/>
        <line num="28" count="332" type="stmt"/>
        <line num="51" count="32" type="stmt"/>
      </file>
      <file name="tagList_user_comp.js" path="/home/adithya/finalProject/client/src/components/tagList_user_comp.js">
        <metrics statements="31" coveredstatements="26" conditionals="14" coveredconditionals="9" methods="13" coveredmethods="12"/>
        <line num="5" count="24" type="stmt"/>
        <line num="11" count="24" type="stmt"/>
        <line num="13" count="24" type="stmt"/>
        <line num="14" count="8" type="stmt"/>
        <line num="15" count="8" type="stmt"/>
        <line num="16" count="8" type="stmt"/>
        <line num="22" count="0" type="stmt"/>
        <line num="26" count="24" type="stmt"/>
        <line num="27" count="8" type="stmt"/>
        <line num="32" count="720" type="stmt"/>
        <line num="34" count="144" type="cond" truecount="1" falsecount="1"/>
        <line num="35" count="0" type="stmt"/>
        <line num="38" count="144" type="stmt"/>
        <line num="39" count="1296" type="cond" truecount="2" falsecount="0"/>
        <line num="40" count="368" type="stmt"/>
        <line num="42" count="928" type="stmt"/>
        <line num="48" count="144" type="stmt"/>
        <line num="49" count="144" type="cond" truecount="2" falsecount="0"/>
        <line num="51" count="144" type="stmt"/>
        <line num="52" count="0" type="stmt"/>
        <line num="53" count="0" type="stmt"/>
        <line num="54" count="0" type="stmt"/>
        <line num="57" count="144" type="stmt"/>
        <line num="66" count="24" type="stmt"/>
        <line num="67" count="2" type="stmt"/>
        <line num="70" count="24" type="stmt"/>
        <line num="71" count="1" type="stmt"/>
        <line num="74" count="24" type="stmt"/>
        <line num="82" count="144" type="stmt"/>
        <line num="84" count="1" type="stmt"/>
        <line num="85" count="2" type="stmt"/>
      </file>
    </package>
  </project>
</coverage>
