{"total": {"lines":{"total":912,"covered":750,"skipped":0,"pct":82.23},"statements":{"total":955,"covered":776,"skipped":0,"pct":81.25},"functions":{"total":259,"covered":197,"skipped":0,"pct":76.06},"branches":{"total":294,"covered":190,"skipped":0,"pct":64.62},"branchesTrue":{"total":0,"covered":0,"skipped":0,"pct":100}}
,"/home/adithya/finalProject/client/src/App.js": {"lines":{"total":8,"covered":8,"skipped":0,"pct":100},"functions":{"total":4,"covered":4,"skipped":0,"pct":100},"statements":{"total":8,"covered":8,"skipped":0,"pct":100},"branches":{"total":8,"covered":8,"skipped":0,"pct":100}}
,"/home/adithya/finalProject/client/src/index.js": {"lines":{"total":2,"covered":2,"skipped":0,"pct":100},"functions":{"total":0,"covered":0,"skipped":0,"pct":100},"statements":{"total":2,"covered":2,"skipped":0,"pct":100},"branches":{"total":0,"covered":0,"skipped":0,"pct":100}}
,"/home/adithya/finalProject/client/src/components/Answer.js": {"lines":{"total":244,"covered":201,"skipped":0,"pct":82.37},"functions":{"total":67,"covered":48,"skipped":0,"pct":71.64},"statements":{"total":260,"covered":210,"skipped":0,"pct":80.76},"branches":{"total":74,"covered":46,"skipped":0,"pct":62.16}}
,"/home/adithya/finalProject/client/src/components/Answer_user_comp.js": {"lines":{"total":56,"covered":52,"skipped":0,"pct":92.85},"functions":{"total":13,"covered":10,"skipped":0,"pct":76.92},"statements":{"total":57,"covered":53,"skipped":0,"pct":92.98},"branches":{"total":4,"covered":3,"skipped":0,"pct":75}}
,"/home/adithya/finalProject/client/src/components/NewQuestion.js": {"lines":{"total":44,"covered":37,"skipped":0,"pct":84.09},"functions":{"total":8,"covered":8,"skipped":0,"pct":100},"statements":{"total":45,"covered":38,"skipped":0,"pct":84.44},"branches":{"total":10,"covered":7,"skipped":0,"pct":70}}
,"/home/adithya/finalProject/client/src/components/UserMetricsFactory.js": {"lines":{"total":22,"covered":21,"skipped":0,"pct":95.45},"functions":{"total":3,"covered":3,"skipped":0,"pct":100},"statements":{"total":23,"covered":21,"skipped":0,"pct":91.3},"branches":{"total":2,"covered":1,"skipped":0,"pct":50}}
,"/home/adithya/finalProject/client/src/components/UserProfile.js": {"lines":{"total":7,"covered":7,"skipped":0,"pct":100},"functions":{"total":5,"covered":5,"skipped":0,"pct":100},"statements":{"total":7,"covered":7,"skipped":0,"pct":100},"branches":{"total":0,"covered":0,"skipped":0,"pct":100}}
,"/home/adithya/finalProject/client/src/components/ValidationFactory.js": {"lines":{"total":31,"covered":26,"skipped":0,"pct":83.87},"functions":{"total":5,"covered":5,"skipped":0,"pct":100},"statements":{"total":31,"covered":26,"skipped":0,"pct":83.87},"branches":{"total":26,"covered":21,"skipped":0,"pct":80.76}}
,"/home/adithya/finalProject/client/src/components/Welcome.js": {"lines":{"total":5,"covered":5,"skipped":0,"pct":100},"functions":{"total":4,"covered":4,"skipped":0,"pct":100},"statements":{"total":5,"covered":5,"skipped":0,"pct":100},"branches":{"total":0,"covered":0,"skipped":0,"pct":100}}
,"/home/adithya/finalProject/client/src/components/banner.js": {"lines":{"total":2,"covered":2,"skipped":0,"pct":100},"functions":{"total":2,"covered":2,"skipped":0,"pct":100},"statements":{"total":2,"covered":2,"skipped":0,"pct":100},"branches":{"total":0,"covered":0,"skipped":0,"pct":100}}
,"/home/adithya/finalProject/client/src/components/banner_user.js": {"lines":{"total":2,"covered":1,"skipped":0,"pct":50},"functions":{"total":2,"covered":1,"skipped":0,"pct":50},"statements":{"total":2,"covered":1,"skipped":0,"pct":50},"branches":{"total":0,"covered":0,"skipped":0,"pct":100}}
,"/home/adithya/finalProject/client/src/components/fakestackoverflow.js": {"lines":{"total":17,"covered":17,"skipped":0,"pct":100},"functions":{"total":2,"covered":2,"skipped":0,"pct":100},"statements":{"total":17,"covered":17,"skipped":0,"pct":100},"branches":{"total":10,"covered":9,"skipped":0,"pct":90}}
,"/home/adithya/finalProject/client/src/components/header.js": {"lines":{"total":63,"covered":57,"skipped":0,"pct":90.47},"functions":{"total":19,"covered":16,"skipped":0,"pct":84.21},"statements":{"total":64,"covered":58,"skipped":0,"pct":90.62},"branches":{"total":24,"covered":17,"skipped":0,"pct":70.83}}
,"/home/adithya/finalProject/client/src/components/header_user.js": {"lines":{"total":96,"covered":72,"skipped":0,"pct":75},"functions":{"total":24,"covered":13,"skipped":0,"pct":54.16},"statements":{"total":97,"covered":73,"skipped":0,"pct":75.25},"branches":{"total":26,"covered":12,"skipped":0,"pct":46.15}}
,"/home/adithya/finalProject/client/src/components/login.js": {"lines":{"total":20,"covered":20,"skipped":0,"pct":100},"functions":{"total":4,"covered":4,"skipped":0,"pct":100},"statements":{"total":20,"covered":20,"skipped":0,"pct":100},"branches":{"total":0,"covered":0,"skipped":0,"pct":100}}
,"/home/adithya/finalProject/client/src/components/navbar.js": {"lines":{"total":1,"covered":1,"skipped":0,"pct":100},"functions":{"total":1,"covered":1,"skipped":0,"pct":100},"statements":{"total":1,"covered":1,"skipped":0,"pct":100},"branches":{"total":0,"covered":0,"skipped":0,"pct":100}}
,"/home/adithya/finalProject/client/src/components/question_comp_1.js": {"lines":{"total":126,"covered":110,"skipped":0,"pct":87.3},"functions":{"total":42,"covered":37,"skipped":0,"pct":88.09},"statements":{"total":138,"covered":120,"skipped":0,"pct":86.95},"branches":{"total":45,"covered":33,"skipped":0,"pct":73.33}}
,"/home/adithya/finalProject/client/src/components/question_user_comp.js": {"lines":{"total":95,"covered":48,"skipped":0,"pct":50.52},"functions":{"total":30,"covered":12,"skipped":0,"pct":40},"statements":{"total":104,"covered":50,"skipped":0,"pct":48.07},"branches":{"total":39,"covered":15,"skipped":0,"pct":38.46}}
,"/home/adithya/finalProject/client/src/components/register.js": {"lines":{"total":26,"covered":24,"skipped":0,"pct":92.3},"functions":{"total":6,"covered":6,"skipped":0,"pct":100},"statements":{"total":26,"covered":24,"skipped":0,"pct":92.3},"branches":{"total":6,"covered":3,"skipped":0,"pct":50}}
,"/home/adithya/finalProject/client/src/components/sidebar.js": {"lines":{"total":14,"covered":13,"skipped":0,"pct":92.85},"functions":{"total":5,"covered":4,"skipped":0,"pct":80},"statements":{"total":14,"covered":13,"skipped":0,"pct":92.85},"branches":{"total":6,"covered":6,"skipped":0,"pct":100}}
,"/home/adithya/finalProject/client/src/components/tagList_user_comp.js": {"lines":{"total":31,"covered":26,"skipped":0,"pct":83.87},"functions":{"total":13,"covered":12,"skipped":0,"pct":92.3},"statements":{"total":32,"covered":27,"skipped":0,"pct":84.37},"branches":{"total":14,"covered":9,"skipped":0,"pct":64.28}}
}
