TN:
SF:../client/src/App.js
FN:11,App
FN:17,(anonymous_1)
FN:37,(anonymous_2)
FN:42,(anonymous_3)
FNF:4
FNH:4
FNDA:580,App
FNDA:76,(anonymous_1)
FNDA:2,(anonymous_2)
FNDA:2,(anonymous_3)
DA:12,580
DA:14,580
DA:15,580
DA:17,580
DA:18,76
DA:21,580
DA:37,2
DA:42,2
LF:8
LH:8
BRDA:23,0,0,302
BRDA:23,0,1,278
BRDA:25,1,0,128
BRDA:25,1,1,150
BRDA:31,2,0,4
BRDA:31,2,1,146
BRDA:35,3,0,22
BRDA:35,3,1,124
BRF:8
BRH:8
end_of_record
TN:
SF:../client/src/index.js
FNF:0
FNH:0
DA:5,147
DA:6,147
LF:2
LH:2
BRF:0
BRH:0
end_of_record
TN:
SF:../client/src/components/Answer.js
FN:9,Answer
FN:37,(anonymous_1)
FN:45,(anonymous_2)
FN:49,(anonymous_3)
FN:66,(anonymous_4)
FN:72,(anonymous_5)
FN:80,(anonymous_6)
FN:88,(anonymous_7)
FN:98,validateInputAndGetMessage
FN:104,(anonymous_9)
FN:133,(anonymous_10)
FN:151,(anonymous_11)
FN:155,(anonymous_12)
FN:171,(anonymous_13)
FN:182,(anonymous_14)
FN:190,(anonymous_15)
FN:208,(anonymous_16)
FN:212,(anonymous_17)
FN:228,(anonymous_18)
FN:239,(anonymous_19)
FN:246,(anonymous_20)
FN:264,(anonymous_21)
FN:268,(anonymous_22)
FN:283,(anonymous_23)
FN:289,(anonymous_24)
FN:292,(anonymous_25)
FN:298,(anonymous_26)
FN:312,(anonymous_27)
FN:317,(anonymous_28)
FN:318,(anonymous_29)
FN:321,(anonymous_30)
FN:322,(anonymous_31)
FN:324,(anonymous_32)
FN:329,renderLinksInText
FN:334,(anonymous_34)
FN:352,(anonymous_35)
FN:352,(anonymous_36)
FN:353,(anonymous_37)
FN:354,(anonymous_38)
FN:357,(anonymous_39)
FN:365,(anonymous_40)
FN:384,(anonymous_41)
FN:399,(anonymous_42)
FN:414,(anonymous_43)
FN:432,(anonymous_44)
FN:440,formatQuestionTimestamp
FN:478,(anonymous_46)
FN:491,(anonymous_47)
FN:518,(anonymous_48)
FN:566,(anonymous_49)
FN:574,(anonymous_50)
FN:602,(anonymous_51)
FN:605,(anonymous_52)
FN:618,(anonymous_53)
FN:628,(anonymous_54)
FN:640,(anonymous_55)
FN:641,(anonymous_56)
FN:642,(anonymous_57)
FN:649,(anonymous_58)
FN:655,(anonymous_59)
FN:671,(anonymous_60)
FN:673,(anonymous_61)
FN:683,(anonymous_62)
FN:683,(anonymous_63)
FN:692,(anonymous_64)
FN:693,(anonymous_65)
FN:702,(anonymous_66)
FNF:67
FNH:48
FNDA:698,Answer
FNDA:50,(anonymous_1)
FNDA:1050,(anonymous_2)
FNDA:450,(anonymous_3)
FNDA:50,(anonymous_4)
FNDA:0,(anonymous_5)
FNDA:0,(anonymous_6)
FNDA:75,(anonymous_7)
FNDA:5,validateInputAndGetMessage
FNDA:1,(anonymous_9)
FNDA:3,(anonymous_10)
FNDA:3,(anonymous_11)
FNDA:12,(anonymous_12)
FNDA:0,(anonymous_13)
FNDA:0,(anonymous_14)
FNDA:1,(anonymous_15)
FNDA:1,(anonymous_16)
FNDA:4,(anonymous_17)
FNDA:0,(anonymous_18)
FNDA:0,(anonymous_19)
FNDA:5,(anonymous_20)
FNDA:5,(anonymous_21)
FNDA:9,(anonymous_22)
FNDA:0,(anonymous_23)
FNDA:486,(anonymous_24)
FNDA:992,(anonymous_25)
FNDA:5,(anonymous_26)
FNDA:8,(anonymous_27)
FNDA:0,(anonymous_28)
FNDA:0,(anonymous_29)
FNDA:0,(anonymous_30)
FNDA:0,(anonymous_31)
FNDA:0,(anonymous_32)
FNDA:1740,renderLinksInText
FNDA:0,(anonymous_34)
FNDA:754,(anonymous_35)
FNDA:4444,(anonymous_36)
FNDA:60,(anonymous_37)
FNDA:754,(anonymous_38)
FNDA:2892,(anonymous_39)
FNDA:5974,(anonymous_40)
FNDA:3,(anonymous_41)
FNDA:1,(anonymous_42)
FNDA:8,(anonymous_43)
FNDA:2,(anonymous_44)
FNDA:1740,formatQuestionTimestamp
FNDA:2,(anonymous_46)
FNDA:2,(anonymous_47)
FNDA:0,(anonymous_48)
FNDA:14,(anonymous_49)
FNDA:0,(anonymous_50)
FNDA:0,(anonymous_51)
FNDA:0,(anonymous_52)
FNDA:588,(anonymous_53)
FNDA:486,(anonymous_54)
FNDA:3,(anonymous_55)
FNDA:1,(anonymous_56)
FNDA:1,(anonymous_57)
FNDA:8,(anonymous_58)
FNDA:448,(anonymous_59)
FNDA:207,(anonymous_60)
FNDA:3,(anonymous_61)
FNDA:0,(anonymous_62)
FNDA:0,(anonymous_63)
FNDA:1,(anonymous_64)
FNDA:2,(anonymous_65)
FNDA:2,(anonymous_66)
DA:12,698
DA:16,698
DA:23,698
DA:24,698
DA:26,698
DA:27,698
DA:28,698
DA:29,698
DA:30,698
DA:31,698
DA:32,698
DA:33,698
DA:34,698
DA:37,698
DA:38,50
DA:39,50
DA:40,50
DA:42,50
DA:46,1050
DA:50,450
DA:62,0
DA:66,698
DA:67,50
DA:68,50
DA:69,50
DA:72,50
DA:73,50
DA:74,50
DA:75,50
DA:76,50
DA:77,50
DA:78,50
DA:80,50
DA:81,0
DA:82,0
DA:84,0
DA:88,75
DA:99,5
DA:100,5
DA:101,5
DA:104,698
DA:105,1
DA:106,1
DA:108,1
DA:109,1
DA:110,1
DA:113,1
DA:117,1
DA:120,1
DA:124,0
DA:133,698
DA:134,3
DA:136,3
DA:137,3
DA:141,3
DA:149,3
DA:153,3
DA:154,3
DA:155,12
DA:159,3
DA:161,3
DA:164,3
DA:165,3
DA:166,3
DA:168,3
DA:171,0
DA:173,0
DA:174,0
DA:175,0
DA:184,0
DA:190,698
DA:191,1
DA:193,1
DA:194,1
DA:198,1
DA:206,1
DA:210,1
DA:211,1
DA:212,4
DA:216,1
DA:218,1
DA:221,1
DA:222,1
DA:223,1
DA:225,1
DA:228,0
DA:230,0
DA:231,0
DA:232,0
DA:241,0
DA:246,698
DA:247,5
DA:250,5
DA:254,5
DA:262,5
DA:266,5
DA:267,5
DA:268,9
DA:274,5
DA:277,5
DA:278,5
DA:279,5
DA:285,0
DA:289,698
DA:290,486
DA:292,992
DA:293,486
DA:294,486
DA:298,5
DA:309,0
DA:312,698
DA:313,8
DA:314,8
DA:317,698
DA:318,0
DA:321,698
DA:322,0
DA:323,0
DA:324,0
DA:331,1740
DA:334,1740
DA:335,0
DA:339,1740
DA:344,698
DA:345,698
DA:346,698
DA:347,698
DA:351,698
DA:352,4444
DA:353,60
DA:354,754
DA:357,2892
DA:359,698
DA:360,698
DA:361,698
DA:365,5974
DA:366,698
DA:367,698
DA:368,698
DA:369,698
DA:370,698
DA:371,698
DA:372,698
DA:384,698
DA:385,3
DA:387,3
DA:388,0
DA:389,0
DA:393,3
DA:400,1
DA:401,1
DA:404,1
DA:405,1
DA:406,1
DA:409,1
DA:414,8
DA:417,1
DA:418,1
DA:422,1
DA:423,1
DA:425,1
DA:428,1
DA:429,1
DA:433,2
DA:434,2
DA:443,1740
DA:444,1740
DA:445,1740
DA:447,1740
DA:448,8
DA:449,1732
DA:450,0
DA:451,0
DA:452,1732
DA:453,0
DA:454,0
DA:455,1732
DA:457,0
DA:458,0
DA:459,0
DA:460,1732
DA:462,0
DA:463,0
DA:464,0
DA:465,0
DA:466,0
DA:469,1732
DA:470,1732
DA:471,1732
DA:472,1732
DA:473,1732
DA:474,1732
DA:478,698
DA:480,2
DA:482,2
DA:492,2
DA:494,2
DA:495,2
DA:496,2
DA:497,2
DA:498,2
DA:499,2
DA:506,2
DA:508,2
DA:510,2
DA:513,2
DA:515,2
DA:519,0
DA:521,2
DA:522,2
DA:524,2
DA:525,0
DA:526,0
DA:541,2
DA:543,2
DA:545,2
DA:547,2
DA:553,698
DA:556,698
DA:557,698
DA:566,14
DA:574,0
DA:602,0
DA:605,0
DA:619,588
DA:620,588
DA:622,2
DA:625,588
DA:626,588
DA:627,588
DA:628,486
DA:629,588
DA:630,588
DA:640,3
DA:641,1
DA:642,1
DA:649,8
DA:655,448
DA:671,207
DA:673,3
DA:683,0
DA:693,1
DA:694,2
DA:702,2
LF:244
LH:201
BRDA:43,0,0,50
BRDA:43,0,1,0
BRDA:44,1,0,50
BRDA:44,1,1,0
BRDA:45,2,0,50
BRDA:45,2,1,0
BRDA:49,3,0,50
BRDA:49,3,1,0
BRDA:81,4,0,0
BRDA:81,4,1,0
BRDA:154,5,0,3
BRDA:154,5,1,0
BRDA:159,6,0,3
BRDA:159,6,1,0
BRDA:168,7,0,0
BRDA:168,7,1,3
BRDA:211,8,0,1
BRDA:211,8,1,0
BRDA:216,9,0,1
BRDA:216,9,1,0
BRDA:225,10,0,0
BRDA:225,10,1,1
BRDA:267,11,0,5
BRDA:267,11,1,0
BRDA:293,12,0,486
BRDA:293,12,1,0
BRDA:372,13,0,2
BRDA:372,13,1,696
BRDA:387,14,0,0
BRDA:387,14,1,3
BRDA:401,15,0,1
BRDA:401,15,1,0
BRDA:417,16,0,1
BRDA:417,16,1,0
BRDA:447,17,0,8
BRDA:447,17,1,1732
BRDA:449,18,0,0
BRDA:449,18,1,1732
BRDA:451,19,0,0
BRDA:451,19,1,0
BRDA:452,20,0,0
BRDA:452,20,1,1732
BRDA:454,21,0,0
BRDA:454,21,1,0
BRDA:455,22,0,0
BRDA:455,22,1,1732
BRDA:460,23,0,0
BRDA:460,23,1,1732
BRDA:494,24,0,2
BRDA:494,24,1,0
BRDA:524,25,0,0
BRDA:524,25,1,2
BRDA:559,26,0,32
BRDA:559,26,1,666
BRDA:568,27,0,32
BRDA:568,27,1,32
BRDA:591,28,0,666
BRDA:591,28,1,626
BRDA:620,29,0,2
BRDA:620,29,1,586
BRDA:638,30,0,588
BRDA:638,30,1,2
BRDA:642,31,0,588
BRDA:642,31,1,56
BRDA:651,32,0,588
BRDA:651,32,1,446
BRDA:673,33,0,446
BRDA:673,33,1,446
BRDA:702,34,0,666
BRDA:702,34,1,626
BRDA:705,35,0,698
BRDA:705,35,1,4
BRDA:706,36,0,698
BRDA:706,36,1,0
BRF:74
BRH:46
end_of_record
TN:
SF:../client/src/components/Answer_user_comp.js
FN:6,UserAnswer
FN:17,(anonymous_1)
FN:20,(anonymous_2)
FN:34,(anonymous_3)
FN:54,(anonymous_4)
FN:63,(anonymous_5)
FN:93,(anonymous_6)
FN:99,(anonymous_7)
FN:102,(anonymous_8)
FN:103,(anonymous_9)
FN:112,(anonymous_10)
FN:113,(anonymous_11)
FN:114,(anonymous_12)
FNF:13
FNH:10
FNDA:102,UserAnswer
FNDA:18,(anonymous_1)
FNDA:18,(anonymous_2)
FNDA:4,(anonymous_3)
FNDA:7,(anonymous_4)
FNDA:1,(anonymous_5)
FNDA:0,(anonymous_6)
FNDA:11,(anonymous_7)
FNDA:0,(anonymous_8)
FNDA:4,(anonymous_9)
FNDA:0,(anonymous_10)
FNDA:40,(anonymous_11)
FNDA:7,(anonymous_12)
DA:7,102
DA:8,102
DA:9,102
DA:10,102
DA:11,102
DA:12,102
DA:13,102
DA:17,102
DA:20,18
DA:21,18
DA:22,18
DA:23,18
DA:24,18
DA:25,18
DA:27,0
DA:31,18
DA:34,102
DA:35,4
DA:36,4
DA:37,4
DA:40,4
DA:43,4
DA:46,4
DA:47,4
DA:48,4
DA:49,4
DA:50,4
DA:51,4
DA:54,102
DA:55,7
DA:56,7
DA:57,7
DA:58,7
DA:59,7
DA:60,7
DA:63,102
DA:64,1
DA:65,1
DA:66,1
DA:67,1
DA:68,1
DA:69,1
DA:70,1
DA:71,1
DA:72,1
DA:74,1
DA:78,1
DA:79,1
DA:80,1
DA:84,102
DA:93,0
DA:99,11
DA:102,0
DA:103,4
DA:112,0
DA:114,40
LF:56
LH:52
BRDA:64,0,0,1
BRDA:64,0,1,0
BRDA:86,1,0,36
BRDA:86,1,1,66
BRF:4
BRH:3
end_of_record
TN:
SF:../client/src/components/NewQuestion.js
FN:5,NewQuestion
FN:13,validateInputAndGetMessage
FN:20,(anonymous_2)
FN:23,(anonymous_3)
FN:38,(anonymous_4)
FN:94,(anonymous_5)
FN:104,(anonymous_6)
FN:115,(anonymous_7)
FNF:8
FNH:8
FNDA:1008,NewQuestion
FNDA:9,validateInputAndGetMessage
FNDA:9,(anonymous_2)
FNDA:23,(anonymous_3)
FNDA:11,(anonymous_4)
FNDA:207,(anonymous_5)
FNDA:137,(anonymous_6)
FNDA:135,(anonymous_7)
DA:6,1008
DA:7,1008
DA:8,1008
DA:9,1008
DA:10,1008
DA:15,9
DA:16,9
DA:17,9
DA:20,1008
DA:21,9
DA:23,23
DA:25,9
DA:26,5
DA:27,5
DA:30,4
DA:32,4
DA:33,4
DA:38,11
DA:40,3
DA:42,0
DA:43,0
DA:47,3
DA:48,3
DA:49,3
DA:50,3
DA:51,3
DA:53,3
DA:54,3
DA:55,3
DA:56,3
DA:57,3
DA:61,3
DA:64,0
DA:65,0
DA:66,0
DA:67,0
DA:68,0
DA:73,3
DA:78,1
DA:79,1
DA:83,1008
DA:94,207
DA:104,137
DA:115,135
LF:44
LH:37
BRDA:25,0,0,5
BRDA:25,0,1,4
BRDA:40,1,0,0
BRDA:40,1,1,3
BRDA:47,2,0,3
BRDA:47,2,1,0
BRDA:61,3,0,0
BRDA:61,3,1,3
BRDA:121,4,0,1008
BRDA:121,4,1,12
BRF:10
BRH:7
end_of_record
TN:
SF:../client/src/components/UserMetricsFactory.js
FN:4,(anonymous_0)
FN:9,(anonymous_1)
FN:10,(anonymous_2)
FNF:3
FNH:3
FNDA:184,(anonymous_0)
FNDA:64,(anonymous_1)
FNDA:64,(anonymous_2)
DA:4,147
DA:5,184
DA:6,184
DA:7,184
DA:9,184
DA:10,64
DA:11,64
DA:12,64
DA:14,64
DA:15,64
DA:16,64
DA:18,64
DA:19,64
DA:21,64
DA:22,64
DA:23,64
DA:24,64
DA:25,64
DA:27,64
DA:29,0
DA:33,64
DA:36,184
LF:22
LH:21
BRDA:12,0,0,0
BRDA:12,0,1,64
BRF:2
BRH:1
end_of_record
TN:
SF:../client/src/components/UserProfile.js
FN:8,(anonymous_0)
FN:11,(anonymous_1)
FN:24,(anonymous_2)
FN:25,(anonymous_3)
FN:26,(anonymous_4)
FNF:5
FNH:5
FNDA:184,(anonymous_0)
FNDA:96,(anonymous_1)
FNDA:7,(anonymous_2)
FNDA:4,(anonymous_3)
FNDA:9,(anonymous_4)
DA:8,147
DA:10,184
DA:11,184
DA:14,184
DA:24,7
DA:25,4
DA:26,9
LF:7
LH:7
BRF:0
BRH:0
end_of_record
TN:
SF:../client/src/components/ValidationFactory.js
FN:4,(anonymous_0)
FN:20,(anonymous_1)
FN:26,(anonymous_2)
FN:56,(anonymous_3)
FN:61,(anonymous_4)
FNF:5
FNH:5
FNDA:14,(anonymous_0)
FNDA:9,(anonymous_1)
FNDA:9,(anonymous_2)
FNDA:5,(anonymous_3)
FNDA:5,(anonymous_4)
DA:5,14
DA:6,9
DA:7,5
DA:8,5
DA:10,0
DA:21,9
DA:22,9
DA:23,9
DA:27,9
DA:28,1
DA:30,8
DA:31,1
DA:33,7
DA:34,1
DA:36,6
DA:37,1
DA:39,5
DA:40,14
DA:41,1
DA:44,4
DA:45,0
DA:47,4
DA:57,5
DA:58,5
DA:62,5
DA:63,0
DA:65,5
DA:66,0
DA:68,5
DA:69,0
DA:71,5
LF:31
LH:26
BRDA:5,0,0,9
BRDA:5,0,1,5
BRDA:7,1,0,5
BRDA:7,1,1,0
BRDA:27,2,0,1
BRDA:27,2,1,8
BRDA:30,3,0,1
BRDA:30,3,1,7
BRDA:33,4,0,1
BRDA:33,4,1,6
BRDA:36,5,0,1
BRDA:36,5,1,5
BRDA:40,6,0,1
BRDA:40,6,1,13
BRDA:44,7,0,0
BRDA:44,7,1,4
BRDA:44,8,0,4
BRDA:44,8,1,4
BRDA:62,9,0,0
BRDA:62,9,1,5
BRDA:65,10,0,0
BRDA:65,10,1,5
BRDA:68,11,0,0
BRDA:68,11,1,5
BRDA:68,12,0,5
BRDA:68,12,1,5
BRF:26
BRH:21
end_of_record
TN:
SF:../client/src/components/Welcome.js
FN:3,(anonymous_0)
FN:26,(anonymous_1)
FN:27,(anonymous_2)
FN:28,(anonymous_3)
FNF:4
FNH:4
FNDA:302,(anonymous_0)
FNDA:63,(anonymous_1)
FNDA:2,(anonymous_2)
FNDA:11,(anonymous_3)
DA:3,147
DA:20,302
DA:26,63
DA:27,2
DA:28,11
LF:5
LH:5
BRF:0
BRH:0
end_of_record
TN:
SF:../client/src/components/banner.js
FN:6,Banner
FN:21,(anonymous_1)
FNF:2
FNH:2
FNDA:464,Banner
FNDA:2,(anonymous_1)
DA:10,464
DA:21,2
LF:2
LH:2
BRF:0
BRH:0
end_of_record
TN:
SF:../client/src/components/banner_user.js
FN:6,UserBanner
FN:20,(anonymous_1)
FNF:2
FNH:1
FNDA:116,UserBanner
FNDA:0,(anonymous_1)
DA:10,116
DA:20,0
LF:2
LH:1
BRF:0
BRH:0
end_of_record
TN:
SF:../client/src/components/fakestackoverflow.js
FN:15,FakeStackOverflow
FN:33,(anonymous_1)
FNF:2
FNH:2
FNDA:324,FakeStackOverflow
FNDA:52,(anonymous_1)
DA:17,324
DA:18,324
DA:19,324
DA:22,324
DA:23,324
DA:24,324
DA:27,324
DA:28,324
DA:29,324
DA:30,324
DA:31,324
DA:33,324
DA:34,52
DA:35,52
DA:38,324
DA:39,324
DA:43,324
LF:17
LH:17
BRDA:45,0,0,64
BRDA:45,0,1,260
BRDA:53,1,0,36
BRDA:53,1,1,224
BRDA:64,2,0,8
BRDA:64,2,1,216
BRDA:67,3,0,18
BRDA:67,3,1,198
BRDA:79,4,0,198
BRDA:79,4,1,0
BRF:10
BRH:9
end_of_record
TN:
SF:../client/src/components/header.js
FN:12,Header
FN:32,(anonymous_1)
FN:44,(anonymous_2)
FN:47,(anonymous_3)
FN:60,(anonymous_4)
FN:65,(anonymous_5)
FN:66,(anonymous_6)
FN:73,(anonymous_7)
FN:79,(anonymous_8)
FN:102,(anonymous_9)
FN:108,(anonymous_10)
FN:115,(anonymous_11)
FN:119,(anonymous_12)
FN:128,(anonymous_13)
FN:139,(anonymous_14)
FN:163,(anonymous_15)
FN:173,(anonymous_16)
FN:189,(anonymous_17)
FN:194,(anonymous_18)
FNF:19
FNH:16
FNDA:464,Header
FNDA:2,(anonymous_1)
FNDA:146,(anonymous_2)
FNDA:2774,(anonymous_3)
FNDA:146,(anonymous_4)
FNDA:146,(anonymous_5)
FNDA:702,(anonymous_6)
FNDA:109,(anonymous_7)
FNDA:6,(anonymous_8)
FNDA:3,(anonymous_9)
FNDA:2,(anonymous_10)
FNDA:0,(anonymous_11)
FNDA:4,(anonymous_12)
FNDA:25,(anonymous_13)
FNDA:72,(anonymous_14)
FNDA:36,(anonymous_15)
FNDA:9,(anonymous_16)
FNDA:0,(anonymous_17)
FNDA:0,(anonymous_18)
DA:14,464
DA:15,464
DA:17,464
DA:18,464
DA:19,464
DA:20,464
DA:21,464
DA:27,464
DA:32,464
DA:33,2
DA:36,464
DA:44,464
DA:45,146
DA:46,146
DA:47,146
DA:48,2774
DA:50,146
DA:56,0
DA:60,464
DA:63,146
DA:65,464
DA:66,146
DA:67,702
DA:68,0
DA:69,0
DA:72,146
DA:73,146
DA:74,109
DA:79,464
DA:84,6
DA:85,3
DA:89,3
DA:91,3
DA:93,6
DA:94,6
DA:98,6
DA:102,464
DA:103,3
DA:104,3
DA:108,464
DA:109,2
DA:110,2
DA:111,2
DA:115,464
DA:116,0
DA:119,464
DA:120,4
DA:122,4
DA:123,4
DA:128,464
DA:129,25
DA:134,25
DA:139,72
DA:141,25
DA:142,25
DA:143,25
DA:146,25
DA:149,464
DA:150,464
DA:163,36
DA:173,9
DA:189,0
DA:194,0
LF:63
LH:57
BRDA:51,0,0,146
BRDA:51,0,1,0
BRDA:52,1,0,146
BRDA:52,1,1,0
BRDA:53,2,0,146
BRDA:53,2,1,0
BRDA:67,3,0,0
BRDA:67,3,1,702
BRDA:84,4,0,3
BRDA:84,4,1,3
BRDA:122,5,0,4
BRDA:122,5,1,0
BRDA:161,6,0,4
BRDA:161,6,1,460
BRDA:164,7,0,0
BRDA:164,7,1,4
BRDA:168,8,0,0
BRDA:168,8,1,460
BRDA:172,9,0,464
BRDA:172,9,1,386
BRDA:186,10,0,38
BRDA:186,10,1,426
BRDA:193,11,0,54
BRDA:193,11,1,372
BRF:24
BRH:17
end_of_record
TN:
SF:../client/src/components/header_user.js
FN:14,UserHeader
FN:31,(anonymous_1)
FN:32,(anonymous_2)
FN:57,(anonymous_3)
FN:67,(anonymous_4)
FN:68,(anonymous_5)
FN:71,(anonymous_6)
FN:86,(anonymous_7)
FN:87,(anonymous_8)
FN:94,(anonymous_9)
FN:100,(anonymous_10)
FN:120,(anonymous_11)
FN:126,(anonymous_12)
FN:133,(anonymous_13)
FN:137,(anonymous_14)
FN:146,(anonymous_15)
FN:171,(anonymous_16)
FN:195,(anonymous_17)
FN:205,(anonymous_18)
FN:220,(anonymous_19)
FN:233,(anonymous_20)
FN:239,(anonymous_21)
FN:242,(anonymous_22)
FN:243,(anonymous_23)
FNF:24
FNH:13
FNDA:116,UserHeader
FNDA:14,(anonymous_1)
FNDA:14,(anonymous_2)
FNDA:0,(anonymous_3)
FNDA:14,(anonymous_4)
FNDA:14,(anonymous_5)
FNDA:266,(anonymous_6)
FNDA:14,(anonymous_7)
FNDA:22,(anonymous_8)
FNDA:7,(anonymous_9)
FNDA:0,(anonymous_10)
FNDA:0,(anonymous_11)
FNDA:0,(anonymous_12)
FNDA:0,(anonymous_13)
FNDA:0,(anonymous_14)
FNDA:7,(anonymous_15)
FNDA:2,(anonymous_16)
FNDA:0,(anonymous_17)
FNDA:0,(anonymous_18)
FNDA:0,(anonymous_19)
FNDA:0,(anonymous_20)
FNDA:22,(anonymous_21)
FNDA:0,(anonymous_22)
FNDA:2,(anonymous_23)
DA:16,116
DA:17,116
DA:18,116
DA:19,116
DA:20,116
DA:21,116
DA:22,116
DA:23,116
DA:24,116
DA:25,116
DA:26,116
DA:31,116
DA:32,14
DA:33,14
DA:36,14
DA:37,14
DA:38,14
DA:40,14
DA:41,14
DA:42,14
DA:43,14
DA:44,14
DA:45,14
DA:47,0
DA:50,14
DA:51,14
DA:56,116
DA:57,116
DA:58,0
DA:61,116
DA:67,116
DA:68,14
DA:69,14
DA:70,14
DA:71,14
DA:72,266
DA:74,14
DA:80,0
DA:83,14
DA:86,116
DA:87,14
DA:88,22
DA:89,0
DA:90,0
DA:93,14
DA:94,14
DA:95,7
DA:100,116
DA:104,0
DA:105,0
DA:109,0
DA:111,0
DA:116,0
DA:120,116
DA:121,0
DA:122,0
DA:126,116
DA:127,0
DA:128,0
DA:129,0
DA:133,116
DA:134,0
DA:137,116
DA:138,0
DA:140,0
DA:141,0
DA:146,116
DA:148,7
DA:149,7
DA:150,63
DA:151,5
DA:152,5
DA:153,5
DA:154,5
DA:155,5
DA:157,63
DA:158,63
DA:159,63
DA:162,18
DA:163,18
DA:164,18
DA:166,45
DA:171,116
DA:172,2
DA:173,2
DA:175,2
DA:178,2
DA:179,2
DA:182,116
DA:195,0
DA:205,0
DA:220,0
DA:233,0
DA:239,22
DA:242,0
DA:243,2
LF:96
LH:72
BRDA:50,0,0,14
BRDA:50,0,1,0
BRDA:75,1,0,14
BRDA:75,1,1,0
BRDA:76,2,0,14
BRDA:76,2,1,0
BRDA:77,3,0,14
BRDA:77,3,1,0
BRDA:88,4,0,0
BRDA:88,4,1,22
BRDA:104,5,0,0
BRDA:104,5,1,0
BRDA:140,6,0,0
BRDA:140,6,1,0
BRDA:150,7,0,5
BRDA:150,7,1,58
BRDA:193,8,0,0
BRDA:193,8,1,116
BRDA:196,9,0,0
BRDA:196,9,1,0
BRDA:200,10,0,0
BRDA:200,10,1,116
BRDA:217,11,0,0
BRDA:217,11,1,116
BRDA:224,12,0,54
BRDA:224,12,1,62
BRF:26
BRH:12
end_of_record
TN:
SF:../client/src/components/login.js
FN:4,(anonymous_0)
FN:8,(anonymous_1)
FN:59,(anonymous_2)
FN:61,(anonymous_3)
FNF:4
FNH:4
FNDA:1942,(anonymous_0)
FNDA:63,(anonymous_1)
FNDA:836,(anonymous_2)
FNDA:70,(anonymous_3)
DA:4,147
DA:5,1942
DA:6,1942
DA:7,1942
DA:8,1942
DA:10,63
DA:11,63
DA:12,63
DA:14,63
DA:16,63
DA:25,62
DA:32,62
DA:35,62
DA:36,62
DA:37,62
DA:44,1
DA:46,1
DA:53,1942
DA:59,836
DA:61,70
LF:20
LH:20
BRF:0
BRH:0
end_of_record
TN:
SF:../client/src/components/navbar.js
FN:4,Navbar
FNF:1
FNH:1
FNDA:580,Navbar
DA:5,580
LF:1
LH:1
BRF:0
BRH:0
end_of_record
TN:
SF:../client/src/components/question_comp_1.js
FN:6,(anonymous_0)
FN:19,(anonymous_1)
FN:22,(anonymous_2)
FN:23,(anonymous_3)
FN:35,(anonymous_4)
FN:40,(anonymous_5)
FN:44,(anonymous_6)
FN:77,(anonymous_7)
FN:78,(anonymous_8)
FN:83,(anonymous_9)
FN:84,(anonymous_10)
FN:89,(anonymous_11)
FN:107,(anonymous_12)
FN:111,(anonymous_13)
FN:124,(anonymous_14)
FN:131,(anonymous_15)
FN:149,(anonymous_16)
FN:153,(anonymous_17)
FN:166,(anonymous_18)
FN:174,(anonymous_19)
FN:185,(anonymous_20)
FN:186,(anonymous_21)
FN:187,(anonymous_22)
FN:200,(anonymous_23)
FN:203,(anonymous_24)
FN:206,(anonymous_25)
FN:211,(anonymous_26)
FN:213,(anonymous_27)
FN:214,(anonymous_28)
FN:225,(anonymous_29)
FN:231,(anonymous_30)
FN:239,(anonymous_31)
FN:240,(anonymous_32)
FN:272,(anonymous_33)
FN:285,(anonymous_34)
FN:286,(anonymous_35)
FN:305,(anonymous_36)
FN:319,(anonymous_37)
FN:320,(anonymous_38)
FN:336,(anonymous_39)
FN:338,(anonymous_40)
FN:341,(anonymous_41)
FNF:42
FNH:37
FNDA:154,(anonymous_0)
FNDA:154,(anonymous_1)
FNDA:154,(anonymous_2)
FNDA:2950,(anonymous_3)
FNDA:0,(anonymous_4)
FNDA:25,(anonymous_5)
FNDA:2220,(anonymous_6)
FNDA:10,(anonymous_7)
FNDA:20,(anonymous_8)
FNDA:2,(anonymous_9)
FNDA:4,(anonymous_10)
FNDA:5,(anonymous_11)
FNDA:5,(anonymous_12)
FNDA:15,(anonymous_13)
FNDA:0,(anonymous_14)
FNDA:5,(anonymous_15)
FNDA:5,(anonymous_16)
FNDA:10,(anonymous_17)
FNDA:0,(anonymous_18)
FNDA:606,(anonymous_19)
FNDA:4080,(anonymous_20)
FNDA:10432,(anonymous_21)
FNDA:26616,(anonymous_22)
FNDA:3628,(anonymous_23)
FNDA:0,(anonymous_24)
FNDA:16,(anonymous_25)
FNDA:18,(anonymous_26)
FNDA:34,(anonymous_27)
FNDA:162,(anonymous_28)
FNDA:30,(anonymous_29)
FNDA:14,(anonymous_30)
FNDA:36,(anonymous_31)
FNDA:4,(anonymous_32)
FNDA:20,(anonymous_33)
FNDA:12,(anonymous_34)
FNDA:0,(anonymous_35)
FNDA:60,(anonymous_36)
FNDA:2208,(anonymous_37)
FNDA:25,(anonymous_38)
FNDA:11160,(anonymous_39)
FNDA:5,(anonymous_40)
FNDA:5,(anonymous_41)
DA:7,154
DA:8,154
DA:20,154
DA:23,154
DA:24,2950
DA:27,154
DA:36,0
DA:40,154
DA:41,25
DA:45,2220
DA:46,2220
DA:47,2220
DA:49,2220
DA:50,12
DA:51,2208
DA:52,0
DA:53,0
DA:54,2208
DA:55,0
DA:56,0
DA:57,2208
DA:58,0
DA:59,0
DA:60,0
DA:61,2208
DA:62,0
DA:63,0
DA:64,0
DA:65,0
DA:66,0
DA:68,2208
DA:69,2208
DA:70,2208
DA:71,2208
DA:72,2208
DA:73,2208
DA:77,154
DA:78,20
DA:83,154
DA:84,4
DA:89,154
DA:90,5
DA:92,5
DA:93,5
DA:97,5
DA:105,5
DA:109,5
DA:110,5
DA:111,15
DA:117,5
DA:118,5
DA:120,5
DA:126,0
DA:131,154
DA:132,5
DA:134,5
DA:135,5
DA:139,5
DA:147,5
DA:151,5
DA:152,5
DA:153,10
DA:159,4
DA:162,4
DA:168,0
DA:175,606
DA:176,606
DA:177,606
DA:179,606
DA:180,606
DA:181,606
DA:183,606
DA:185,606
DA:186,4080
DA:187,26616
DA:188,10432
DA:189,2284
DA:190,2284
DA:200,3628
DA:202,606
DA:203,0
DA:205,606
DA:206,16
DA:207,2
DA:208,2
DA:210,2
DA:211,2
DA:212,18
DA:213,18
DA:214,162
DA:215,34
DA:216,34
DA:217,14
DA:220,18
DA:221,14
DA:224,2
DA:225,2
DA:226,30
DA:227,30
DA:228,30
DA:230,2
DA:231,14
DA:232,2
DA:233,2
DA:237,606
DA:238,4
DA:239,36
DA:240,4
DA:243,606
DA:244,606
DA:245,606
DA:246,606
DA:270,606
DA:271,4
DA:272,4
DA:273,20
DA:274,20
DA:275,20
DA:277,4
DA:281,606
DA:286,12
DA:305,60
DA:320,2208
DA:336,11160
DA:338,5
DA:341,5
LF:126
LH:110
BRDA:30,0,0,154
BRDA:30,0,1,0
BRDA:31,1,0,154
BRDA:31,1,1,0
BRDA:49,2,0,12
BRDA:49,2,1,2208
BRDA:51,3,0,0
BRDA:51,3,1,2208
BRDA:53,4,0,0
BRDA:53,4,1,0
BRDA:54,5,0,0
BRDA:54,5,1,2208
BRDA:56,6,0,0
BRDA:56,6,1,0
BRDA:57,7,0,0
BRDA:57,7,1,2208
BRDA:61,8,0,0
BRDA:61,8,1,2208
BRDA:110,9,0,5
BRDA:110,9,1,0
BRDA:152,10,0,4
BRDA:152,10,1,1
BRDA:188,11,0,2284
BRDA:188,11,1,8148
BRDA:188,12,0,10432
BRDA:188,12,1,10432
BRDA:202,13,0,0
BRDA:202,13,1,606
BRDA:205,14,0,2
BRDA:205,14,1,604
BRDA:216,15,0,14
BRDA:216,15,1,20
BRDA:216,16,0,34
BRDA:216,16,1,34
BRDA:216,16,2,20
BRDA:220,17,0,14
BRDA:220,17,1,4
BRDA:237,18,0,4
BRDA:237,18,1,602
BRDA:270,19,0,4
BRDA:270,19,1,602
BRDA:275,20,0,20
BRDA:275,20,1,8
BRDA:283,21,0,4
BRDA:283,21,1,602
BRF:45
BRH:33
end_of_record
TN:
SF:../client/src/components/question_user_comp.js
FN:6,(anonymous_0)
FN:21,(anonymous_1)
FN:29,(anonymous_2)
FN:30,(anonymous_3)
FN:42,(anonymous_4)
FN:47,(anonymous_5)
FN:51,(anonymous_6)
FN:83,(anonymous_7)
FN:84,(anonymous_8)
FN:89,(anonymous_9)
FN:90,(anonymous_10)
FN:94,(anonymous_11)
FN:103,(anonymous_12)
FN:104,(anonymous_13)
FN:105,(anonymous_14)
FN:124,(anonymous_15)
FN:128,(anonymous_16)
FN:132,(anonymous_17)
FN:134,(anonymous_18)
FN:135,(anonymous_19)
FN:145,(anonymous_20)
FN:153,(anonymous_21)
FN:160,(anonymous_22)
FN:161,(anonymous_23)
FN:177,(anonymous_24)
FN:220,(anonymous_25)
FN:221,(anonymous_26)
FN:249,(anonymous_27)
FN:250,(anonymous_28)
FN:265,(anonymous_29)
FNF:30
FNH:12
FNDA:22,(anonymous_0)
FNDA:22,(anonymous_1)
FNDA:22,(anonymous_2)
FNDA:58,(anonymous_3)
FNDA:0,(anonymous_4)
FNDA:5,(anonymous_5)
FNDA:166,(anonymous_6)
FNDA:0,(anonymous_7)
FNDA:0,(anonymous_8)
FNDA:0,(anonymous_9)
FNDA:0,(anonymous_10)
FNDA:82,(anonymous_11)
FNDA:166,(anonymous_12)
FNDA:440,(anonymous_13)
FNDA:0,(anonymous_14)
FNDA:108,(anonymous_15)
FNDA:0,(anonymous_16)
FNDA:0,(anonymous_17)
FNDA:0,(anonymous_18)
FNDA:0,(anonymous_19)
FNDA:0,(anonymous_20)
FNDA:0,(anonymous_21)
FNDA:0,(anonymous_22)
FNDA:0,(anonymous_23)
FNDA:0,(anonymous_24)
FNDA:0,(anonymous_25)
FNDA:0,(anonymous_26)
FNDA:166,(anonymous_27)
FNDA:5,(anonymous_28)
FNDA:0,(anonymous_29)
DA:7,22
DA:8,22
DA:9,22
DA:22,22
DA:23,22
DA:25,22
DA:27,22
DA:30,22
DA:31,58
DA:34,22
DA:43,0
DA:47,22
DA:48,5
DA:52,166
DA:53,166
DA:54,166
DA:56,166
DA:57,0
DA:58,166
DA:59,0
DA:60,0
DA:61,166
DA:62,0
DA:63,0
DA:64,166
DA:65,0
DA:66,0
DA:67,0
DA:68,166
DA:69,0
DA:70,0
DA:71,0
DA:72,0
DA:73,0
DA:75,166
DA:76,166
DA:77,166
DA:78,166
DA:79,166
DA:80,166
DA:83,22
DA:84,0
DA:89,22
DA:90,0
DA:95,82
DA:96,82
DA:97,82
DA:99,82
DA:100,82
DA:101,82
DA:103,82
DA:104,166
DA:105,440
DA:106,440
DA:107,0
DA:124,108
DA:126,82
DA:128,0
DA:130,82
DA:131,0
DA:132,0
DA:133,0
DA:134,0
DA:135,0
DA:136,0
DA:137,0
DA:138,0
DA:140,0
DA:141,0
DA:144,0
DA:145,0
DA:148,0
DA:149,0
DA:150,0
DA:152,0
DA:153,0
DA:154,0
DA:157,82
DA:159,0
DA:160,0
DA:161,0
DA:165,82
DA:166,82
DA:167,82
DA:175,82
DA:176,0
DA:177,0
DA:178,0
DA:179,0
DA:180,0
DA:182,0
DA:216,82
DA:221,0
DA:250,166
DA:265,0
LF:95
LH:48
BRDA:37,0,0,22
BRDA:37,0,1,22
BRDA:38,1,0,22
BRDA:38,1,1,22
BRDA:56,2,0,0
BRDA:56,2,1,166
BRDA:58,3,0,0
BRDA:58,3,1,166
BRDA:60,4,0,0
BRDA:60,4,1,0
BRDA:61,5,0,0
BRDA:61,5,1,166
BRDA:63,6,0,0
BRDA:63,6,1,0
BRDA:64,7,0,0
BRDA:64,7,1,166
BRDA:68,8,0,0
BRDA:68,8,1,166
BRDA:106,9,0,0
BRDA:106,9,1,440
BRDA:126,10,0,0
BRDA:126,10,1,82
BRDA:130,11,0,0
BRDA:130,11,1,82
BRDA:137,12,0,0
BRDA:137,12,1,0
BRDA:137,13,0,0
BRDA:137,13,1,0
BRDA:137,13,2,0
BRDA:140,14,0,0
BRDA:140,14,1,0
BRDA:157,15,0,0
BRDA:157,15,1,82
BRDA:175,16,0,0
BRDA:175,16,1,82
BRDA:180,17,0,0
BRDA:180,17,1,0
BRDA:218,18,0,0
BRDA:218,18,1,82
BRF:39
BRH:15
end_of_record
TN:
SF:../client/src/components/register.js
FN:4,(anonymous_0)
FN:10,(anonymous_1)
FN:53,(anonymous_2)
FN:65,(anonymous_3)
FN:77,(anonymous_4)
FN:88,(anonymous_5)
FNF:6
FNH:6
FNDA:236,(anonymous_0)
FNDA:2,(anonymous_1)
FNDA:15,(anonymous_2)
FNDA:34,(anonymous_3)
FNDA:33,(anonymous_4)
FNDA:33,(anonymous_5)
DA:4,147
DA:5,236
DA:6,236
DA:7,236
DA:8,236
DA:9,236
DA:10,236
DA:11,2
DA:13,2
DA:16,2
DA:24,1
DA:25,1
DA:29,1
DA:31,1
DA:32,1
DA:33,0
DA:35,1
DA:36,0
DA:38,1
DA:39,1
DA:41,1
DA:46,236
DA:53,15
DA:65,34
DA:77,33
DA:88,33
LF:26
LH:24
BRDA:32,0,0,0
BRDA:32,0,1,1
BRDA:35,1,0,0
BRDA:35,1,1,1
BRDA:38,2,0,1
BRDA:38,2,1,0
BRF:6
BRH:3
end_of_record
TN:
SF:../client/src/components/sidebar.js
FN:3,Sidebar
FN:7,(anonymous_1)
FN:17,(anonymous_2)
FN:21,(anonymous_3)
FN:51,(anonymous_4)
FNF:5
FNH:4
FNDA:332,Sidebar
FNDA:146,(anonymous_1)
FNDA:0,(anonymous_2)
FNDA:1,(anonymous_3)
FNDA:32,(anonymous_4)
DA:5,332
DA:7,332
DA:8,146
DA:9,22
DA:11,124
DA:17,332
DA:18,0
DA:21,332
DA:22,1
DA:23,1
DA:24,1
DA:25,1
DA:28,332
DA:51,32
LF:14
LH:13
BRDA:8,0,0,22
BRDA:8,0,1,124
BRDA:8,1,0,146
BRDA:8,1,1,124
BRDA:47,2,0,166
BRDA:47,2,1,166
BRF:6
BRH:6
end_of_record
TN:
SF:../client/src/components/tagList_user_comp.js
FN:4,UserTagList
FN:13,(anonymous_1)
FN:26,(anonymous_2)
FN:31,calculateTagCount
FN:32,(anonymous_4)
FN:38,(anonymous_5)
FN:47,TagNode
FN:51,(anonymous_7)
FN:66,(anonymous_8)
FN:70,(anonymous_9)
FN:81,(anonymous_10)
FN:84,(anonymous_11)
FN:85,(anonymous_12)
FNF:13
FNH:12
FNDA:24,UserTagList
FNDA:8,(anonymous_1)
FNDA:8,(anonymous_2)
FNDA:144,calculateTagCount
FNDA:720,(anonymous_4)
FNDA:1296,(anonymous_5)
FNDA:144,TagNode
FNDA:0,(anonymous_7)
FNDA:2,(anonymous_8)
FNDA:1,(anonymous_9)
FNDA:144,(anonymous_10)
FNDA:1,(anonymous_11)
FNDA:2,(anonymous_12)
DA:5,24
DA:11,24
DA:13,24
DA:14,8
DA:15,8
DA:16,8
DA:22,0
DA:26,24
DA:27,8
DA:32,720
DA:34,144
DA:35,0
DA:38,144
DA:39,1296
DA:40,368
DA:42,928
DA:48,144
DA:49,144
DA:51,144
DA:52,0
DA:53,0
DA:54,0
DA:57,144
DA:66,24
DA:67,2
DA:70,24
DA:71,1
DA:74,24
DA:82,144
DA:84,1
DA:85,2
LF:31
LH:26
BRDA:17,0,0,8
BRDA:17,0,1,0
BRDA:18,1,0,8
BRDA:18,1,1,0
BRDA:19,2,0,8
BRDA:19,2,1,0
BRDA:34,3,0,0
BRDA:34,3,1,144
BRDA:39,4,0,368
BRDA:39,4,1,928
BRDA:49,5,0,16
BRDA:49,5,1,128
BRDA:76,6,0,24
BRDA:76,6,1,0
BRF:14
BRH:9
end_of_record
